
          -------------------------------------------------------
          Amber 20 SANDER                              2020
          -------------------------------------------------------

| Run on 10/21/2021 at 18:51:14

|   Executable path: /shared/software/atomistic/amber/20_gcc93_serial/bin/sander
| Working directory: /gpfs20/scratch/krb0073/AMBER/03-heat
|          Hostname: tngcm200.hpc.wvu.edu

  [-O]verwriting output

File Assignments:
|  MDIN: 02_Heat.in                                                            
| MDOUT: 02_Heat.out                                                           
|INPCRD: 01_Min.ncrst                                                          
|  PARM: parm7                                                                 
|RESTRT: 02_Heat.ncrst                                                         
|  REFC: refc                                                                  
| MDVEL: mdvel                                                                 
| MDFRC: mdfrc                                                                 
|  MDEN: mden                                                                  
| MDCRD: 02_Heat.nc                                                            
|MDINFO: 02_Heat.mdinfo                                                        
|  MTMD: mtmd                                                                  
|INPDIP: inpdip                                                                
|RSTDIP: rstdip                                                                
|INPTRA: inptraj                                                               


 Here is the input file:

Heat                                                                           
 &cntrl                                                                        
  imin=0,                                                                      
  ntx=1,                                                                       
  irest=0,                                                                     
  nstlim=10000,                                                                
  dt=0.002,                                                                    
  ntf=2,                                                                       
  ntc=2,                                                                       
  tempi=0.0,                                                                   
  temp0=300.0,                                                                 
  ntpr=100,                                                                    
  ntwx=100,                                                                    
  cut=8.0,                                                                     
  ntb=1,                                                                       
  ntp=0,                                                                       
  ntt=3,                                                                       
  gamma_ln=2.0,                                                                
  nmropt=1,                                                                    
  ig=-1,                                                                       
 /                                                                             
&wt type='TEMP0', istep1=0, istep2=9000, value1=0.0, value2=300.0 /            
&wt type='TEMP0', istep1=9001, istep2=10000, value1=300.0, value2=300.0 /      
&wt type='END' /                                                               

--------------------------------------------------------------------------------
   1.  RESOURCE   USE: 
--------------------------------------------------------------------------------

| Flags:                                                                        
 getting box info from netcdf restart file
| NetCDF restart box info found
|Largest sphere to fit in unit cell has radius =    13.132
| New format PARM file being parsed.
| Version =    1.000 Date = 10/21/21 Time = 16:51:23
 NATOM  =    2818 NTYPES =      10 NBONH =    2109 MBONA  =     708
 NTHETH =      25 MTHETA =      11 NPHIH =      43 MPHIA  =      24
 NHPARM =       0 NPARM  =       0 NNB   =    4992 NRES   =     702
 NBONA  =     708 NTHETA =      11 NPHIA =      24 NUMBND =      14
 NUMANG =      21 NPTRA  =      14 NATYP =      11 NPHB   =       1
 IFBOX  =       2 NMXRS  =      10 IFCAP =       0 NEXTRA =     699
 NCOPY  =       0

| CMAP information read from topology file: 

|     Memory Use     Allocated
|     Real              776967
|     Hollerith           9158
|     Integer            99441
|     Max Pairs        1127200
|     nblistReal         33816
|     nblist Int         98259
|       Total            11545 kbytes

| Note: 1-4 EEL scale factors are being read from the topology file.

| Note: 1-4 VDW scale factors are being read from the topology file.
| Duplicated    0 dihedrals
| Duplicated    0 dihedrals
|CMAP: Reticulating splines.

     BOX TYPE: TRUNCATED OCTAHEDRON
Note: ig = -1. Setting random seed to   546712 based on wallclock time in microseconds.

--------------------------------------------------------------------------------
   2.  CONTROL  DATA  FOR  THE  RUN
--------------------------------------------------------------------------------

ACE                                                                             

General flags:
     imin    =       0, nmropt  =       1

Nature and format of input:
     ntx     =       1, irest   =       0, ntrx    =       1

Nature and format of output:
     ntxo    =       2, ntpr    =     100, ntrx    =       1, ntwr    =   10000
     iwrap   =       0, ntwx    =     100, ntwv    =       0, ntwe    =       0
     ioutfm  =       1, ntwprt  =       0, idecomp =       0, rbornstat=      0

Potential function:
     ntf     =       2, ntb     =       1, igb     =       0, nsnb    =      25
     ipol    =       0, gbsa    =       0, iesp    =       0
     dielc   =   1.00000, cut     =   8.00000, intdiel =   1.00000

Frozen or restrained atoms:
     ibelly  =       0, ntr     =       0

Molecular dynamics:
     nstlim  =     10000, nscm    =      1000, nrespa  =         1
     t       =   0.00000, dt      =   0.00200, vlimit  =  20.00000

Langevin dynamics temperature regulation:
     ig      =  546712
     temp0   = 300.00000, tempi   =   0.00000, gamma_ln=   2.00000

SHAKE:
     ntc     =       2, jfastw  =       0
     tol     =   0.00001

NMR refinement options:
     iscale  =       0, noeskp  =       1, ipnlty  =       1, mxsub   =       1
     scalm   = 100.00000, pencut  =   0.10000, tausw   =   0.10000

Extra-points options:
     frameon =       1, chngmask=       1

Ewald parameters:
     verbose =       0, ew_type =       0, nbflag  =       1, use_pme =       1
     vdwmeth =       1, eedmeth =       1, netfrc  =       1
     Box X =   32.168   Box Y =   32.168   Box Z =   32.168
     Alpha =  109.471   Beta  =  109.471   Gamma =  109.471
     NFFT1 =   32       NFFT2 =   32       NFFT3 =   32
     Cutoff=    8.000   Tol   =0.100E-04
     Ewald Coefficient =  0.34864
     Interpolation order =    4
|      EXTRA_PTS, trim_bonds: num bonds BEFORE trim =  2109     0
|      EXTRA_PTS, trim_bonds: num bonds AFTER  trim =  2109     0
|      EXTRA_PTS, trim_bonds: num bonds BEFORE trim =   708     0
|      EXTRA_PTS, trim_bonds: num bonds AFTER  trim =     9     0
|      EXTRA_PTS, trim_theta: num angle BEFORE trim =    25     0
|      EXTRA_PTS, trim_theta: num angle AFTER  trim =    25     0
|      EXTRA_PTS, trim_theta: num angle BEFORE trim =    11     0
|      EXTRA_PTS, trim_theta: num angle AFTER  trim =    11     0
|      EXTRA_PTS, trim_phi:  num diheds BEFORE trim =    43     0
|      EXTRA_PTS, trim_phi:  num diheds AFTER  trim =    43     0
|      EXTRA_PTS, trim_phi:  num diheds BEFORE trim =    24     0
|      EXTRA_PTS, trim_phi:  num diheds AFTER  trim =    24     0
|  INFO: Old style inpcrd file read


--------------------------------------------------------------------------------
   3.  ATOMIC COORDINATES AND VELOCITIES
--------------------------------------------------------------------------------

ACE                                                                             
 begin time read from input coords =     0.000 ps



           Begin reading energy term weight changes/NMR restraints
 WEIGHT CHANGES:
 TEMP0         0   9000    0.000000  300.000000      0      0
 TEMP0      9001  10000  300.000000  300.000000      0      0

 RESTRAINTS:
                          ** No restraint defined **

                  Done reading weight changes/NMR restraints


 Number of triangulated 3-point waters found:      699

     Sum of charges from parm topology file =   0.00000384
     Forcing neutrality...

--------------------------------------------------------------------------------
   4.  RESULTS
--------------------------------------------------------------------------------

|  # of SOLUTE  degrees of freedom (RNDFP):    6345.
|  # of SOLVENT degrees of freedom (RNDFS):       0.
|  NDFMIN =    6345.     NUM_NOSHAKE =      0     CORRECTED RNDFP =    6345.
|  TOTAL # of degrees of freedom (RNDF) =    6345.
 ---------------------------------------------------
 APPROXIMATING switch and d/dx switch using CUBIC SPLINE INTERPOLATION
 using   5000.0 points per unit in tabled values
 TESTING RELATIVE ERROR over r ranging from 0.0 to cutoff
| CHECK switch(x): max rel err =   0.2738E-14   at   2.422500
| CHECK d/dx switch(x): max rel err =   0.8332E-11   at   2.782960
 ---------------------------------------------------
| Local SIZE OF NONBOND LIST =     649074
| TOTAL SIZE OF NONBOND LIST =     649074

 NSTEP =        0   TIME(PS) =       0.000  TEMP(K) =     0.00  PRESS =     0.0
 Etot   =    -13772.0081  EKtot   =         0.0000  EPtot      =    -13772.0081
 BOND   =         0.5392  ANGLE   =         0.8216  DIHED      =         2.5089
 1-4 NB =         3.2119  1-4 EEL =        46.4366  VDWAALS    =      2720.0610
 EELEC  =    -16545.0543  EHBOND  =         0.0000  RESTRAINT  =         0.0000
 CMAP   =        -0.5330
 Ewald error estimate:   0.7399E-03
 ------------------------------------------------------------------------------

 NMR restraints: Bond =    0.000   Angle =     0.000   Torsion =     0.000
===============================================================================

 NSTEP =      100   TIME(PS) =       0.200  TEMP(K) =    27.48  PRESS =     0.0
 Etot   =     -9420.8056  EKtot   =       115.9815  EPtot      =     -9536.7871
 BOND   =         0.5235  ANGLE   =         0.5556  DIHED      =         2.5034
 1-4 NB =         3.2372  1-4 EEL =        46.7979  VDWAALS    =      1360.5345
 EELEC  =    -10950.5686  EHBOND  =         0.0000  RESTRAINT  =         0.0000
 CMAP   =        -0.3705
 Ewald error estimate:   0.6313E-04
 ------------------------------------------------------------------------------

 NMR restraints: Bond =    0.000   Angle =     0.000   Torsion =     0.000
===============================================================================

 NSTEP =      200   TIME(PS) =       0.400  TEMP(K) =    26.69  PRESS =     0.0
 Etot   =     -9502.3472  EKtot   =       112.6387  EPtot      =     -9614.9860
 BOND   =         0.5375  ANGLE   =         0.9483  DIHED      =         2.6476
 1-4 NB =         2.7184  1-4 EEL =        45.8244  VDWAALS    =      1604.4547
 EELEC  =    -11271.8350  EHBOND  =         0.0000  RESTRAINT  =         0.0000
 CMAP   =        -0.2820
 Ewald error estimate:   0.5198E-03
 ------------------------------------------------------------------------------

 NMR restraints: Bond =    0.000   Angle =     0.000   Torsion =     0.000
===============================================================================

 NSTEP =      300   TIME(PS) =       0.600  TEMP(K) =    24.58  PRESS =     0.0
 Etot   =     -9560.0639  EKtot   =       103.7489  EPtot      =     -9663.8128
 BOND   =         0.7517  ANGLE   =         0.8007  DIHED      =         2.5930
 1-4 NB =         2.8556  1-4 EEL =        45.9154  VDWAALS    =      1563.9089
 EELEC  =    -11280.0713  EHBOND  =         0.0000  RESTRAINT  =         0.0000
 CMAP   =        -0.5668
 Ewald error estimate:   0.3345E-04
 ------------------------------------------------------------------------------

 NMR restraints: Bond =    0.000   Angle =     0.000   Torsion =     0.000
===============================================================================

 NSTEP =      400   TIME(PS) =       0.800  TEMP(K) =    24.15  PRESS =     0.0
 Etot   =     -9602.9518  EKtot   =       101.9273  EPtot      =     -9704.8791
 BOND   =         0.5752  ANGLE   =         1.0078  DIHED      =         2.5878
 1-4 NB =         2.8893  1-4 EEL =        45.8480  VDWAALS    =      1620.1895
 EELEC  =    -11377.6024  EHBOND  =         0.0000  RESTRAINT  =         0.0000
 CMAP   =        -0.3744
 Ewald error estimate:   0.4934E-03
 ------------------------------------------------------------------------------

 NMR restraints: Bond =    0.000   Angle =     0.000   Torsion =     0.000
===============================================================================

 NSTEP =      500   TIME(PS) =       1.000  TEMP(K) =    24.65  PRESS =     0.0
 Etot   =     -9633.9919  EKtot   =       104.0599  EPtot      =     -9738.0518
 BOND   =         0.6466  ANGLE   =         0.8290  DIHED      =         2.8040
 1-4 NB =         3.1397  1-4 EEL =        46.2979  VDWAALS    =      1640.7398
 EELEC  =    -11431.9691  EHBOND  =         0.0000  RESTRAINT  =         0.0000
 CMAP   =        -0.5396
 Ewald error estimate:   0.7312E-03
 ------------------------------------------------------------------------------

 NMR restraints: Bond =    0.000   Angle =     0.000   Torsion =     0.000
===============================================================================

 NSTEP =      600   TIME(PS) =       1.200  TEMP(K) =    23.34  PRESS =     0.0
 Etot   =     -9653.5097  EKtot   =        98.4973  EPtot      =     -9752.0070
 BOND   =         0.9056  ANGLE   =         1.0630  DIHED      =         2.8668
 1-4 NB =         3.1076  1-4 EEL =        46.2549  VDWAALS    =      1636.6910
 EELEC  =    -11442.3509  EHBOND  =         0.0000  RESTRAINT  =         0.0000
 CMAP   =        -0.5450
 Ewald error estimate:   0.3466E-03
 ------------------------------------------------------------------------------

 NMR restraints: Bond =    0.000   Angle =     0.000   Torsion =     0.000
===============================================================================

 NSTEP =      700   TIME(PS) =       1.400  TEMP(K) =    24.03  PRESS =     0.0
 Etot   =     -9659.1152  EKtot   =       101.4137  EPtot      =     -9760.5289
 BOND   =         0.7857  ANGLE   =         1.3657  DIHED      =         2.7006
 1-4 NB =         2.9059  1-4 EEL =        46.0127  VDWAALS    =      1625.5729
 EELEC  =    -11439.2985  EHBOND  =         0.0000  RESTRAINT  =         0.0000
 CMAP   =        -0.5738
 Ewald error estimate:   0.6677E-04
 ------------------------------------------------------------------------------

 NMR restraints: Bond =    0.000   Angle =     0.000   Torsion =     0.000
===============================================================================

 NSTEP =      800   TIME(PS) =       1.600  TEMP(K) =    25.10  PRESS =     0.0
 Etot   =     -9659.0429  EKtot   =       105.9585  EPtot      =     -9765.0014
 BOND   =         0.8921  ANGLE   =         1.7845  DIHED      =         2.7226
 1-4 NB =         2.6038  1-4 EEL =        45.7251  VDWAALS    =      1601.4734
 EELEC  =    -11419.7423  EHBOND  =         0.0000  RESTRAINT  =         0.0000
 CMAP   =        -0.4605
 Ewald error estimate:   0.5300E-03
 ------------------------------------------------------------------------------

 NMR restraints: Bond =    0.000   Angle =     0.000   Torsion =     0.000
===============================================================================

 NSTEP =      900   TIME(PS) =       1.800  TEMP(K) =    26.17  PRESS =     0.0
 Etot   =     -9653.2670  EKtot   =       110.4661  EPtot      =     -9763.7331
 BOND   =         0.4579  ANGLE   =         1.4856  DIHED      =         2.7777
 1-4 NB =         2.8651  1-4 EEL =        45.8494  VDWAALS    =      1608.8622
 EELEC  =    -11425.7266  EHBOND  =         0.0000  RESTRAINT  =         0.0000
 CMAP   =        -0.3044
 Ewald error estimate:   0.6546E-03
 ------------------------------------------------------------------------------

 NMR restraints: Bond =    0.000   Angle =     0.000   Torsion =     0.000
===============================================================================

 NSTEP =     1000   TIME(PS) =       2.000  TEMP(K) =    27.79  PRESS =     0.0
 Etot   =     -9641.6965  EKtot   =       117.2886  EPtot      =     -9758.9851
 BOND   =         0.7067  ANGLE   =         1.6744  DIHED      =         2.8868
 1-4 NB =         3.1738  1-4 EEL =        46.4137  VDWAALS    =      1616.2699
 EELEC  =    -11429.5364  EHBOND  =         0.0000  RESTRAINT  =         0.0000
 CMAP   =        -0.5739
 Ewald error estimate:   0.5718E-04
 ------------------------------------------------------------------------------

 NMR restraints: Bond =    0.000   Angle =     0.000   Torsion =     0.000
===============================================================================

 NSTEP =     1100   TIME(PS) =       2.200  TEMP(K) =    30.77  PRESS =     0.0
 Etot   =     -9630.1281  EKtot   =       129.8629  EPtot      =     -9759.9910
 BOND   =         0.6467  ANGLE   =         2.1343  DIHED      =         2.9401
 1-4 NB =         2.6542  1-4 EEL =        45.8895  VDWAALS    =      1598.3126
 EELEC  =    -11412.2071  EHBOND  =         0.0000  RESTRAINT  =         0.0000
 CMAP   =        -0.3614
 Ewald error estimate:   0.2327E-03
 ------------------------------------------------------------------------------

 NMR restraints: Bond =    0.000   Angle =     0.000   Torsion =     0.000
===============================================================================

 NSTEP =     1200   TIME(PS) =       2.400  TEMP(K) =    34.31  PRESS =     0.0
 Etot   =     -9610.0033  EKtot   =       144.8349  EPtot      =     -9754.8382
 BOND   =         0.7622  ANGLE   =         2.1286  DIHED      =         2.9304
 1-4 NB =         2.6853  1-4 EEL =        45.1844  VDWAALS    =      1586.7912
 EELEC  =    -11394.3852  EHBOND  =         0.0000  RESTRAINT  =         0.0000
 CMAP   =        -0.9351
 Ewald error estimate:   0.3145E-04
 ------------------------------------------------------------------------------

 NMR restraints: Bond =    0.000   Angle =     0.000   Torsion =     0.000
===============================================================================

 NSTEP =     1300   TIME(PS) =       2.600  TEMP(K) =    35.92  PRESS =     0.0
 Etot   =     -9591.9873  EKtot   =       151.6086  EPtot      =     -9743.5959
 BOND   =         0.6816  ANGLE   =         1.8512  DIHED      =         2.8946
 1-4 NB =         2.9611  1-4 EEL =        46.8233  VDWAALS    =      1629.6751
 EELEC  =    -11428.0345  EHBOND  =         0.0000  RESTRAINT  =         0.0000
 CMAP   =        -0.4483
 Ewald error estimate:   0.4680E-03
 ------------------------------------------------------------------------------

 NMR restraints: Bond =    0.000   Angle =     0.000   Torsion =     0.000
===============================================================================

 NSTEP =     1400   TIME(PS) =       2.800  TEMP(K) =    40.64  PRESS =     0.0
 Etot   =     -9568.9175  EKtot   =       171.5187  EPtot      =     -9740.4362
 BOND   =         1.1198  ANGLE   =         3.0889  DIHED      =         3.2282
 1-4 NB =         2.5774  1-4 EEL =        44.4410  VDWAALS    =      1623.6514
 EELEC  =    -11417.9782  EHBOND  =         0.0000  RESTRAINT  =         0.0000
 CMAP   =        -0.5648
 Ewald error estimate:   0.9045E-03
 ------------------------------------------------------------------------------

 NMR restraints: Bond =    0.000   Angle =     0.000   Torsion =     0.000
===============================================================================

 NSTEP =     1500   TIME(PS) =       3.000  TEMP(K) =    43.27  PRESS =     0.0
 Etot   =     -9546.1657  EKtot   =       182.6303  EPtot      =     -9728.7960
 BOND   =         0.8731  ANGLE   =         3.0608  DIHED      =         2.8893
 1-4 NB =         2.3775  1-4 EEL =        44.6202  VDWAALS    =      1622.3574
 EELEC  =    -11404.3998  EHBOND  =         0.0000  RESTRAINT  =         0.0000
 CMAP   =        -0.5746
 Ewald error estimate:   0.4307E-03
 ------------------------------------------------------------------------------

 NMR restraints: Bond =    0.000   Angle =     0.000   Torsion =     0.000
===============================================================================

 NSTEP =     1600   TIME(PS) =       3.200  TEMP(K) =    47.14  PRESS =     0.0
 Etot   =     -9521.4640  EKtot   =       198.9654  EPtot      =     -9720.4293
 BOND   =         0.9074  ANGLE   =         1.4424  DIHED      =         2.9091
 1-4 NB =         3.0534  1-4 EEL =        47.3429  VDWAALS    =      1604.3267
 EELEC  =    -11379.8663  EHBOND  =         0.0000  RESTRAINT  =         0.0000
 CMAP   =        -0.5450
 Ewald error estimate:   0.3331E-03
 ------------------------------------------------------------------------------

 NMR restraints: Bond =    0.000   Angle =     0.000   Torsion =     0.000
===============================================================================

 NSTEP =     1700   TIME(PS) =       3.400  TEMP(K) =    51.93  PRESS =     0.0
 Etot   =     -9498.8451  EKtot   =       219.2005  EPtot      =     -9718.0456
 BOND   =         0.2867  ANGLE   =         2.6752  DIHED      =         3.2081
 1-4 NB =         2.9735  1-4 EEL =        46.3328  VDWAALS    =      1599.6815
 EELEC  =    -11372.6838  EHBOND  =         0.0000  RESTRAINT  =         0.0000
 CMAP   =        -0.5195
 Ewald error estimate:   0.1749E-03
 ------------------------------------------------------------------------------

 NMR restraints: Bond =    0.000   Angle =     0.000   Torsion =     0.000
===============================================================================

 NSTEP =     1800   TIME(PS) =       3.600  TEMP(K) =    54.04  PRESS =     0.0
 Etot   =     -9474.0022  EKtot   =       228.1118  EPtot      =     -9702.1140
 BOND   =         0.7189  ANGLE   =         2.5446  DIHED      =         2.6951
 1-4 NB =         2.7554  1-4 EEL =        46.3366  VDWAALS    =      1606.5927
 EELEC  =    -11363.1938  EHBOND  =         0.0000  RESTRAINT  =         0.0000
 CMAP   =        -0.5634
 Ewald error estimate:   0.2248E-03
 ------------------------------------------------------------------------------

 NMR restraints: Bond =    0.000   Angle =     0.000   Torsion =     0.000
===============================================================================

 NSTEP =     1900   TIME(PS) =       3.800  TEMP(K) =    56.77  PRESS =     0.0
 Etot   =     -9458.7735  EKtot   =       239.6197  EPtot      =     -9698.3933
 BOND   =         0.2567  ANGLE   =         2.5312  DIHED      =         2.8688
 1-4 NB =         3.7713  1-4 EEL =        47.8920  VDWAALS    =      1581.6473
 EELEC  =    -11336.7994  EHBOND  =         0.0000  RESTRAINT  =         0.0000
 CMAP   =        -0.5610
 Ewald error estimate:   0.1948E-03
 ------------------------------------------------------------------------------

 NMR restraints: Bond =    0.000   Angle =     0.000   Torsion =     0.000
===============================================================================

 NSTEP =     2000   TIME(PS) =       4.000  TEMP(K) =    57.72  PRESS =     0.0
 Etot   =     -9450.4740  EKtot   =       243.6339  EPtot      =     -9694.1079
 BOND   =         0.5495  ANGLE   =         2.4227  DIHED      =         2.7805
 1-4 NB =         3.2029  1-4 EEL =        46.5470  VDWAALS    =      1629.3497
 EELEC  =    -11378.4530  EHBOND  =         0.0000  RESTRAINT  =         0.0000
 CMAP   =        -0.5072
 Ewald error estimate:   0.2281E-03
 ------------------------------------------------------------------------------

 NMR restraints: Bond =    0.000   Angle =     0.000   Torsion =     0.000
===============================================================================

 NSTEP =     2100   TIME(PS) =       4.200  TEMP(K) =    61.89  PRESS =     0.0
 Etot   =     -9416.7623  EKtot   =       261.2424  EPtot      =     -9678.0047
 BOND   =         0.9077  ANGLE   =         3.3323  DIHED      =         3.1248
 1-4 NB =         3.2712  1-4 EEL =        46.4092  VDWAALS    =      1634.6882
 EELEC  =    -11369.2955  EHBOND  =         0.0000  RESTRAINT  =         0.0000
 CMAP   =        -0.4427
 Ewald error estimate:   0.2045E-03
 ------------------------------------------------------------------------------

 NMR restraints: Bond =    0.000   Angle =     0.000   Torsion =     0.000
===============================================================================

 NSTEP =     2200   TIME(PS) =       4.400  TEMP(K) =    64.60  PRESS =     0.0
 Etot   =     -9403.7174  EKtot   =       272.6455  EPtot      =     -9676.3629
 BOND   =         0.2797  ANGLE   =         4.0270  DIHED      =         2.8808
 1-4 NB =         2.9619  1-4 EEL =        44.6624  VDWAALS    =      1600.3405
 EELEC  =    -11331.3615  EHBOND  =         0.0000  RESTRAINT  =         0.0000
 CMAP   =        -0.1536
 Ewald error estimate:   0.3827E-03
 ------------------------------------------------------------------------------

 NMR restraints: Bond =    0.000   Angle =     0.000   Torsion =     0.000
===============================================================================

 NSTEP =     2300   TIME(PS) =       4.600  TEMP(K) =    67.70  PRESS =     0.0
 Etot   =     -9364.0392  EKtot   =       285.7305  EPtot      =     -9649.7698
 BOND   =         1.1397  ANGLE   =         2.3636  DIHED      =         3.5274
 1-4 NB =         2.8964  1-4 EEL =        47.0002  VDWAALS    =      1621.7069
 EELEC  =    -11327.4684  EHBOND  =         0.0000  RESTRAINT  =         0.0000
 CMAP   =        -0.9356
 Ewald error estimate:   0.8547E-03
 ------------------------------------------------------------------------------

 NMR restraints: Bond =    0.000   Angle =     0.000   Torsion =     0.000
===============================================================================

 NSTEP =     2400   TIME(PS) =       4.800  TEMP(K) =    73.88  PRESS =     0.0
 Etot   =     -9342.2709  EKtot   =       311.8201  EPtot      =     -9654.0909
 BOND   =         1.5330  ANGLE   =         3.1314  DIHED      =         3.3393
 1-4 NB =         2.1707  1-4 EEL =        45.6681  VDWAALS    =      1598.0939
 EELEC  =    -11307.6444  EHBOND  =         0.0000  RESTRAINT  =         0.0000
 CMAP   =        -0.3829
 Ewald error estimate:   0.8772E-03
 ------------------------------------------------------------------------------

 NMR restraints: Bond =    0.000   Angle =     0.000   Torsion =     0.000
===============================================================================

 NSTEP =     2500   TIME(PS) =       5.000  TEMP(K) =    77.33  PRESS =     0.0
 Etot   =     -9323.8284  EKtot   =       326.4136  EPtot      =     -9650.2420
 BOND   =         0.9891  ANGLE   =         2.3792  DIHED      =         3.4663
 1-4 NB =         3.8831  1-4 EEL =        46.8123  VDWAALS    =      1588.8005
 EELEC  =    -11295.9948  EHBOND  =         0.0000  RESTRAINT  =         0.0000
 CMAP   =        -0.5777
 Ewald error estimate:   0.3611E-03
 ------------------------------------------------------------------------------

 NMR restraints: Bond =    0.000   Angle =     0.000   Torsion =     0.000
===============================================================================

 NSTEP =     2600   TIME(PS) =       5.200  TEMP(K) =    80.58  PRESS =     0.0
 Etot   =     -9304.4354  EKtot   =       340.0914  EPtot      =     -9644.5267
 BOND   =         1.5291  ANGLE   =         2.7684  DIHED      =         3.0919
 1-4 NB =         2.8481  1-4 EEL =        46.0528  VDWAALS    =      1627.0772
 EELEC  =    -11327.3262  EHBOND  =         0.0000  RESTRAINT  =         0.0000
 CMAP   =        -0.5680
 Ewald error estimate:   0.2413E-03
 ------------------------------------------------------------------------------

 NMR restraints: Bond =    0.000   Angle =     0.000   Torsion =     0.000
===============================================================================

 NSTEP =     2700   TIME(PS) =       5.400  TEMP(K) =    81.59  PRESS =     0.0
 Etot   =     -9287.6544  EKtot   =       344.3849  EPtot      =     -9632.0393
 BOND   =         1.0679  ANGLE   =         2.1677  DIHED      =         3.3387
 1-4 NB =         3.1925  1-4 EEL =        46.0934  VDWAALS    =      1580.3477
 EELEC  =    -11267.8778  EHBOND  =         0.0000  RESTRAINT  =         0.0000
 CMAP   =        -0.3694
 Ewald error estimate:   0.2623E-03
 ------------------------------------------------------------------------------

 NMR restraints: Bond =    0.000   Angle =     0.000   Torsion =     0.000
===============================================================================

 NSTEP =     2800   TIME(PS) =       5.600  TEMP(K) =    87.04  PRESS =     0.0
 Etot   =     -9251.2475  EKtot   =       367.3913  EPtot      =     -9618.6388
 BOND   =         1.4046  ANGLE   =         2.4670  DIHED      =         5.0863
 1-4 NB =         3.4871  1-4 EEL =        45.3496  VDWAALS    =      1622.8191
 EELEC  =    -11298.3925  EHBOND  =         0.0000  RESTRAINT  =         0.0000
 CMAP   =        -0.8599
 Ewald error estimate:   0.3336E-04
 ------------------------------------------------------------------------------

 NMR restraints: Bond =    0.000   Angle =     0.000   Torsion =     0.000
===============================================================================

 NSTEP =     2900   TIME(PS) =       5.800  TEMP(K) =    94.36  PRESS =     0.0
 Etot   =     -9221.3636  EKtot   =       398.2926  EPtot      =     -9619.6562
 BOND   =         1.8458  ANGLE   =         4.6508  DIHED      =         3.9585
 1-4 NB =         2.3103  1-4 EEL =        44.2481  VDWAALS    =      1619.9978
 EELEC  =    -11295.9339  EHBOND  =         0.0000  RESTRAINT  =         0.0000
 CMAP   =        -0.7336
 Ewald error estimate:   0.3196E-03
 ------------------------------------------------------------------------------

 NMR restraints: Bond =    0.000   Angle =     0.000   Torsion =     0.000
===============================================================================

 NSTEP =     3000   TIME(PS) =       6.000  TEMP(K) =    93.53  PRESS =     0.0
 Etot   =     -9194.0581  EKtot   =       394.7684  EPtot      =     -9588.8266
 BOND   =         1.4934  ANGLE   =         2.7406  DIHED      =         3.0325
 1-4 NB =         3.2214  1-4 EEL =        45.3292  VDWAALS    =      1572.4157
 EELEC  =    -11216.4603  EHBOND  =         0.0000  RESTRAINT  =         0.0000
 CMAP   =        -0.5990
 Ewald error estimate:   0.1353E-04
 ------------------------------------------------------------------------------

 NMR restraints: Bond =    0.000   Angle =     0.000   Torsion =     0.000
===============================================================================

 NSTEP =     3100   TIME(PS) =       6.200  TEMP(K) =    99.05  PRESS =     0.0
 Etot   =     -9148.8412  EKtot   =       418.0535  EPtot      =     -9566.8947
 BOND   =         1.7696  ANGLE   =         3.9502  DIHED      =         3.6039
 1-4 NB =         3.0351  1-4 EEL =        46.5782  VDWAALS    =      1592.8097
 EELEC  =    -11218.2926  EHBOND  =         0.0000  RESTRAINT  =         0.0000
 CMAP   =        -0.3489
 Ewald error estimate:   0.5670E-03
 ------------------------------------------------------------------------------

 NMR restraints: Bond =    0.000   Angle =     0.000   Torsion =     0.000
===============================================================================

 NSTEP =     3200   TIME(PS) =       6.400  TEMP(K) =   103.03  PRESS =     0.0
 Etot   =     -9140.6364  EKtot   =       434.8697  EPtot      =     -9575.5061
 BOND   =         1.6996  ANGLE   =         3.5270  DIHED      =         2.9819
 1-4 NB =         3.0351  1-4 EEL =        45.6188  VDWAALS    =      1630.7529
 EELEC  =    -11262.6159  EHBOND  =         0.0000  RESTRAINT  =         0.0000
 CMAP   =        -0.5055
 Ewald error estimate:   0.8688E-05
 ------------------------------------------------------------------------------

 NMR restraints: Bond =    0.000   Angle =     0.000   Torsion =     0.000
===============================================================================

 NSTEP =     3300   TIME(PS) =       6.600  TEMP(K) =   102.85  PRESS =     0.0
 Etot   =     -9139.4869  EKtot   =       434.0948  EPtot      =     -9573.5817
 BOND   =         1.3525  ANGLE   =         4.5295  DIHED      =         2.7355
 1-4 NB =         2.6344  1-4 EEL =        45.5847  VDWAALS    =      1575.8724
 EELEC  =    -11205.7338  EHBOND  =         0.0000  RESTRAINT  =         0.0000
 CMAP   =        -0.5568
 Ewald error estimate:   0.1225E-02
 ------------------------------------------------------------------------------

 NMR restraints: Bond =    0.000   Angle =     0.000   Torsion =     0.000
===============================================================================

 NSTEP =     3400   TIME(PS) =       6.800  TEMP(K) =   105.61  PRESS =     0.0
 Etot   =     -9112.2477  EKtot   =       445.7545  EPtot      =     -9558.0022
 BOND   =         2.0345  ANGLE   =         3.4516  DIHED      =         2.8790
 1-4 NB =         3.2261  1-4 EEL =        43.8018  VDWAALS    =      1569.1963
 EELEC  =    -11182.0961  EHBOND  =         0.0000  RESTRAINT  =         0.0000
 CMAP   =        -0.4955
 Ewald error estimate:   0.9392E-04
 ------------------------------------------------------------------------------

 NMR restraints: Bond =    0.000   Angle =     0.000   Torsion =     0.000
===============================================================================

 NSTEP =     3500   TIME(PS) =       7.000  TEMP(K) =   112.04  PRESS =     0.0
 Etot   =     -9071.1721  EKtot   =       472.8879  EPtot      =     -9544.0599
 BOND   =         2.4490  ANGLE   =         4.7377  DIHED      =         3.4264
 1-4 NB =         2.6001  1-4 EEL =        46.2589  VDWAALS    =      1549.1781
 EELEC  =    -11152.1761  EHBOND  =         0.0000  RESTRAINT  =         0.0000
 CMAP   =        -0.5340
 Ewald error estimate:   0.2201E-03
 ------------------------------------------------------------------------------

 NMR restraints: Bond =    0.000   Angle =     0.000   Torsion =     0.000
===============================================================================

 NSTEP =     3600   TIME(PS) =       7.200  TEMP(K) =   111.32  PRESS =     0.0
 Etot   =     -9065.0916  EKtot   =       469.8511  EPtot      =     -9534.9427
 BOND   =         2.2761  ANGLE   =         3.1579  DIHED      =         3.4627
 1-4 NB =         4.0216  1-4 EEL =        46.7329  VDWAALS    =      1603.1411
 EELEC  =    -11197.2765  EHBOND  =         0.0000  RESTRAINT  =         0.0000
 CMAP   =        -0.4583
 Ewald error estimate:   0.1498E-03
 ------------------------------------------------------------------------------

 NMR restraints: Bond =    0.000   Angle =     0.000   Torsion =     0.000
===============================================================================

 NSTEP =     3700   TIME(PS) =       7.400  TEMP(K) =   112.91  PRESS =     0.0
 Etot   =     -9034.3950  EKtot   =       476.5866  EPtot      =     -9510.9816
 BOND   =         1.3530  ANGLE   =         4.4708  DIHED      =         3.2213
 1-4 NB =         3.4457  1-4 EEL =        46.0197  VDWAALS    =      1528.3947
 EELEC  =    -11097.7028  EHBOND  =         0.0000  RESTRAINT  =         0.0000
 CMAP   =        -0.1840
 Ewald error estimate:   0.6374E-03
 ------------------------------------------------------------------------------

 NMR restraints: Bond =    0.000   Angle =     0.000   Torsion =     0.000
===============================================================================

 NSTEP =     3800   TIME(PS) =       7.600  TEMP(K) =   118.11  PRESS =     0.0
 Etot   =     -8995.6174  EKtot   =       498.5386  EPtot      =     -9494.1560
 BOND   =         2.5108  ANGLE   =         4.7324  DIHED      =         4.1613
 1-4 NB =         2.8237  1-4 EEL =        45.7683  VDWAALS    =      1545.2719
 EELEC  =    -11099.0487  EHBOND  =         0.0000  RESTRAINT  =         0.0000
 CMAP   =        -0.3756
 Ewald error estimate:   0.4915E-04
 ------------------------------------------------------------------------------

 NMR restraints: Bond =    0.000   Angle =     0.000   Torsion =     0.000
===============================================================================

 NSTEP =     3900   TIME(PS) =       7.800  TEMP(K) =   116.26  PRESS =     0.0
 Etot   =     -8991.7646  EKtot   =       490.7148  EPtot      =     -9482.4794
 BOND   =         1.4904  ANGLE   =         4.1099  DIHED      =         3.5400
 1-4 NB =         4.0786  1-4 EEL =        47.3577  VDWAALS    =      1569.0447
 EELEC  =    -11111.2957  EHBOND  =         0.0000  RESTRAINT  =         0.0000
 CMAP   =        -0.8050
 Ewald error estimate:   0.1513E-03
 ------------------------------------------------------------------------------

 NMR restraints: Bond =    0.000   Angle =     0.000   Torsion =     0.000
===============================================================================

 NSTEP =     4000   TIME(PS) =       8.000  TEMP(K) =   121.95  PRESS =     0.0
 Etot   =     -8971.3247  EKtot   =       514.7272  EPtot      =     -9486.0519
 BOND   =         1.4723  ANGLE   =         2.4013  DIHED      =         3.0139
 1-4 NB =         3.4411  1-4 EEL =        47.5622  VDWAALS    =      1586.4449
 EELEC  =    -11129.9454  EHBOND  =         0.0000  RESTRAINT  =         0.0000
 CMAP   =        -0.4422
 Ewald error estimate:   0.6667E-03
 ------------------------------------------------------------------------------

 NMR restraints: Bond =    0.000   Angle =     0.000   Torsion =     0.000
===============================================================================

 NSTEP =     4100   TIME(PS) =       8.200  TEMP(K) =   123.65  PRESS =     0.0
 Etot   =     -8932.9487  EKtot   =       521.9151  EPtot      =     -9454.8638
 BOND   =         2.6161  ANGLE   =         2.9976  DIHED      =         3.1079
 1-4 NB =         2.1262  1-4 EEL =        45.1603  VDWAALS    =      1535.4253
 EELEC  =    -11045.7295  EHBOND  =         0.0000  RESTRAINT  =         0.0000
 CMAP   =        -0.5677
 Ewald error estimate:   0.2306E-03
 ------------------------------------------------------------------------------

 NMR restraints: Bond =    0.000   Angle =     0.000   Torsion =     0.000
===============================================================================

 NSTEP =     4200   TIME(PS) =       8.400  TEMP(K) =   129.74  PRESS =     0.0
 Etot   =     -8889.1874  EKtot   =       547.5875  EPtot      =     -9436.7749
 BOND   =         1.0799  ANGLE   =         4.8703  DIHED      =         3.3763
 1-4 NB =         2.7532  1-4 EEL =        44.7273  VDWAALS    =      1567.4058
 EELEC  =    -11060.7282  EHBOND  =         0.0000  RESTRAINT  =         0.0000
 CMAP   =        -0.2595
 Ewald error estimate:   0.3528E-03
 ------------------------------------------------------------------------------

 NMR restraints: Bond =    0.000   Angle =     0.000   Torsion =     0.000
===============================================================================

 NSTEP =     4300   TIME(PS) =       8.600  TEMP(K) =   133.86  PRESS =     0.0
 Etot   =     -8855.9524  EKtot   =       565.0047  EPtot      =     -9420.9571
 BOND   =         1.0172  ANGLE   =         5.1711  DIHED      =         3.4425
 1-4 NB =         2.8846  1-4 EEL =        45.2146  VDWAALS    =      1558.1348
 EELEC  =    -11036.4709  EHBOND  =         0.0000  RESTRAINT  =         0.0000
 CMAP   =        -0.3511
 Ewald error estimate:   0.2517E-04
 ------------------------------------------------------------------------------

 NMR restraints: Bond =    0.000   Angle =     0.000   Torsion =     0.000
===============================================================================

 NSTEP =     4400   TIME(PS) =       8.800  TEMP(K) =   141.02  PRESS =     0.0
 Etot   =     -8805.0061  EKtot   =       595.2185  EPtot      =     -9400.2246
 BOND   =         2.2719  ANGLE   =         4.4434  DIHED      =         4.2777
 1-4 NB =         3.8204  1-4 EEL =        47.6857  VDWAALS    =      1582.3602
 EELEC  =    -11044.6255  EHBOND  =         0.0000  RESTRAINT  =         0.0000
 CMAP   =        -0.4583
 Ewald error estimate:   0.3607E-03
 ------------------------------------------------------------------------------

 NMR restraints: Bond =    0.000   Angle =     0.000   Torsion =     0.000
===============================================================================

 NSTEP =     4500   TIME(PS) =       9.000  TEMP(K) =   142.03  PRESS =     0.0
 Etot   =     -8787.6031  EKtot   =       599.4633  EPtot      =     -9387.0664
 BOND   =         2.9370  ANGLE   =         3.6762  DIHED      =         3.1784
 1-4 NB =         2.7475  1-4 EEL =        44.0448  VDWAALS    =      1547.5856
 EELEC  =    -10990.9739  EHBOND  =         0.0000  RESTRAINT  =         0.0000
 CMAP   =        -0.2621
 Ewald error estimate:   0.2136E-03
 ------------------------------------------------------------------------------

 NMR restraints: Bond =    0.000   Angle =     0.000   Torsion =     0.000
===============================================================================

 NSTEP =     4600   TIME(PS) =       9.200  TEMP(K) =   148.31  PRESS =     0.0
 Etot   =     -8756.9122  EKtot   =       625.9651  EPtot      =     -9382.8773
 BOND   =         1.3966  ANGLE   =         7.2067  DIHED      =         2.9664
 1-4 NB =         2.2015  1-4 EEL =        42.9334  VDWAALS    =      1539.2701
 EELEC  =    -10978.3860  EHBOND  =         0.0000  RESTRAINT  =         0.0000
 CMAP   =        -0.4660
 Ewald error estimate:   0.6785E-03
 ------------------------------------------------------------------------------

 NMR restraints: Bond =    0.000   Angle =     0.000   Torsion =     0.000
===============================================================================

 NSTEP =     4700   TIME(PS) =       9.400  TEMP(K) =   151.44  PRESS =     0.0
 Etot   =     -8742.4777  EKtot   =       639.1788  EPtot      =     -9381.6565
 BOND   =         1.4085  ANGLE   =         6.9044  DIHED      =         3.1469
 1-4 NB =         2.6915  1-4 EEL =        44.9713  VDWAALS    =      1523.3135
 EELEC  =    -10964.6403  EHBOND  =         0.0000  RESTRAINT  =         0.0000
 CMAP   =         0.5477
 Ewald error estimate:   0.3545E-03
 ------------------------------------------------------------------------------

 NMR restraints: Bond =    0.000   Angle =     0.000   Torsion =     0.000
===============================================================================

 NSTEP =     4800   TIME(PS) =       9.600  TEMP(K) =   151.98  PRESS =     0.0
 Etot   =     -8714.5087  EKtot   =       641.4956  EPtot      =     -9356.0043
 BOND   =         2.8553  ANGLE   =         4.9559  DIHED      =         3.7908
 1-4 NB =         1.9971  1-4 EEL =        44.4369  VDWAALS    =      1484.3382
 EELEC  =    -10899.2434  EHBOND  =         0.0000  RESTRAINT  =         0.0000
 CMAP   =         0.8649
 Ewald error estimate:   0.2716E-03
 ------------------------------------------------------------------------------

 NMR restraints: Bond =    0.000   Angle =     0.000   Torsion =     0.000
===============================================================================

 NSTEP =     4900   TIME(PS) =       9.800  TEMP(K) =   157.13  PRESS =     0.0
 Etot   =     -8684.7310  EKtot   =       663.2339  EPtot      =     -9347.9650
 BOND   =         2.4890  ANGLE   =         2.5851  DIHED      =         3.8126
 1-4 NB =         3.1516  1-4 EEL =        46.2326  VDWAALS    =      1528.7352
 EELEC  =    -10935.7092  EHBOND  =         0.0000  RESTRAINT  =         0.0000
 CMAP   =         0.7380
 Ewald error estimate:   0.1045E-02
 ------------------------------------------------------------------------------

 NMR restraints: Bond =    0.000   Angle =     0.000   Torsion =     0.000
===============================================================================

 NSTEP =     5000   TIME(PS) =      10.000  TEMP(K) =   156.22  PRESS =     0.0
 Etot   =     -8695.6634  EKtot   =       659.3691  EPtot      =     -9355.0325
 BOND   =         1.0245  ANGLE   =         4.5808  DIHED      =         4.8678
 1-4 NB =         2.0928  1-4 EEL =        45.1005  VDWAALS    =      1542.6305
 EELEC  =    -10955.5777  EHBOND  =         0.0000  RESTRAINT  =         0.0000
 CMAP   =         0.2483
 Ewald error estimate:   0.8898E-03
 ------------------------------------------------------------------------------

 NMR restraints: Bond =    0.000   Angle =     0.000   Torsion =     0.000
===============================================================================

 NSTEP =     5100   TIME(PS) =      10.200  TEMP(K) =   159.80  PRESS =     0.0
 Etot   =     -8672.7193  EKtot   =       674.4663  EPtot      =     -9347.1856
 BOND   =         1.1902  ANGLE   =         4.0850  DIHED      =         3.7636
 1-4 NB =         3.2581  1-4 EEL =        44.1969  VDWAALS    =      1491.4282
 EELEC  =    -10894.5362  EHBOND  =         0.0000  RESTRAINT  =         0.0000
 CMAP   =        -0.5713
 Ewald error estimate:   0.3566E-03
 ------------------------------------------------------------------------------

 NMR restraints: Bond =    0.000   Angle =     0.000   Torsion =     0.000
===============================================================================

 NSTEP =     5200   TIME(PS) =      10.400  TEMP(K) =   164.94  PRESS =     0.0
 Etot   =     -8645.7060  EKtot   =       696.1906  EPtot      =     -9341.8966
 BOND   =         2.0963  ANGLE   =         4.5776  DIHED      =         3.2974
 1-4 NB =         3.0176  1-4 EEL =        47.0635  VDWAALS    =      1526.5002
 EELEC  =    -10928.0917  EHBOND  =         0.0000  RESTRAINT  =         0.0000
 CMAP   =        -0.3576
 Ewald error estimate:   0.3329E-03
 ------------------------------------------------------------------------------

 NMR restraints: Bond =    0.000   Angle =     0.000   Torsion =     0.000
===============================================================================

 NSTEP =     5300   TIME(PS) =      10.600  TEMP(K) =   167.17  PRESS =     0.0
 Etot   =     -8595.7394  EKtot   =       705.5862  EPtot      =     -9301.3256
 BOND   =         0.5896  ANGLE   =         6.5779  DIHED      =         5.0690
 1-4 NB =         2.8544  1-4 EEL =        47.9098  VDWAALS    =      1504.2273
 EELEC  =    -10868.7923  EHBOND  =         0.0000  RESTRAINT  =         0.0000
 CMAP   =         0.2386
 Ewald error estimate:   0.2384E-03
 ------------------------------------------------------------------------------

 NMR restraints: Bond =    0.000   Angle =     0.000   Torsion =     0.000
===============================================================================

 NSTEP =     5400   TIME(PS) =      10.800  TEMP(K) =   173.94  PRESS =     0.0
 Etot   =     -8553.4914  EKtot   =       734.1849  EPtot      =     -9287.6763
 BOND   =         3.6093  ANGLE   =         6.8243  DIHED      =         3.1962
 1-4 NB =         3.1887  1-4 EEL =        46.8840  VDWAALS    =      1576.7067
 EELEC  =    -10928.0111  EHBOND  =         0.0000  RESTRAINT  =         0.0000
 CMAP   =        -0.0742
 Ewald error estimate:   0.3735E-03
 ------------------------------------------------------------------------------

 NMR restraints: Bond =    0.000   Angle =     0.000   Torsion =     0.000
===============================================================================

 NSTEP =     5500   TIME(PS) =      11.000  TEMP(K) =   175.34  PRESS =     0.0
 Etot   =     -8523.5258  EKtot   =       740.0571  EPtot      =     -9263.5829
 BOND   =         3.2612  ANGLE   =         7.1143  DIHED      =         3.3650
 1-4 NB =         2.5117  1-4 EEL =        43.2587  VDWAALS    =      1571.0949
 EELEC  =    -10894.1840  EHBOND  =         0.0000  RESTRAINT  =         0.0000
 CMAP   =        -0.0047
 Ewald error estimate:   0.2176E-03
 ------------------------------------------------------------------------------

 NMR restraints: Bond =    0.000   Angle =     0.000   Torsion =     0.000
===============================================================================

 NSTEP =     5600   TIME(PS) =      11.200  TEMP(K) =   181.55  PRESS =     0.0
 Etot   =     -8493.5738  EKtot   =       766.3009  EPtot      =     -9259.8746
 BOND   =         1.6321  ANGLE   =         6.6035  DIHED      =         2.9755
 1-4 NB =         4.3529  1-4 EEL =        45.7730  VDWAALS    =      1483.0038
 EELEC  =    -10803.4707  EHBOND  =         0.0000  RESTRAINT  =         0.0000
 CMAP   =        -0.7447
 Ewald error estimate:   0.4275E-03
 ------------------------------------------------------------------------------

 NMR restraints: Bond =    0.000   Angle =     0.000   Torsion =     0.000
===============================================================================

 NSTEP =     5700   TIME(PS) =      11.400  TEMP(K) =   179.98  PRESS =     0.0
 Etot   =     -8479.1828  EKtot   =       759.6707  EPtot      =     -9238.8535
 BOND   =         2.3024  ANGLE   =         6.9345  DIHED      =         2.7801
 1-4 NB =         2.5176  1-4 EEL =        46.0172  VDWAALS    =      1569.0160
 EELEC  =    -10867.7097  EHBOND  =         0.0000  RESTRAINT  =         0.0000
 CMAP   =        -0.7116
 Ewald error estimate:   0.5153E-03
 ------------------------------------------------------------------------------

 NMR restraints: Bond =    0.000   Angle =     0.000   Torsion =     0.000
===============================================================================

 NSTEP =     5800   TIME(PS) =      11.600  TEMP(K) =   178.64  PRESS =     0.0
 Etot   =     -8479.8641  EKtot   =       754.0070  EPtot      =     -9233.8711
 BOND   =         3.3912  ANGLE   =         6.1794  DIHED      =         3.5356
 1-4 NB =         3.8939  1-4 EEL =        43.4675  VDWAALS    =      1520.7049
 EELEC  =    -10814.3358  EHBOND  =         0.0000  RESTRAINT  =         0.0000
 CMAP   =        -0.7078
 Ewald error estimate:   0.9896E-03
 ------------------------------------------------------------------------------

 NMR restraints: Bond =    0.000   Angle =     0.000   Torsion =     0.000
===============================================================================

 NSTEP =     5900   TIME(PS) =      11.800  TEMP(K) =   183.24  PRESS =     0.0
 Etot   =     -8440.1409  EKtot   =       773.4085  EPtot      =     -9213.5493
 BOND   =         5.2867  ANGLE   =        11.4605  DIHED      =         3.5915
 1-4 NB =         2.8800  1-4 EEL =        43.5706  VDWAALS    =      1585.3849
 EELEC  =    -10865.6193  EHBOND  =         0.0000  RESTRAINT  =         0.0000
 CMAP   =        -0.1043
 Ewald error estimate:   0.7015E-03
 ------------------------------------------------------------------------------

 NMR restraints: Bond =    0.000   Angle =     0.000   Torsion =     0.000
===============================================================================

 NSTEP =     6000   TIME(PS) =      12.000  TEMP(K) =   188.04  PRESS =     0.0
 Etot   =     -8420.1042  EKtot   =       793.6684  EPtot      =     -9213.7726
 BOND   =         1.3809  ANGLE   =         7.1385  DIHED      =         3.5364
 1-4 NB =         3.2210  1-4 EEL =        45.1819  VDWAALS    =      1475.8991
 EELEC  =    -10750.2324  EHBOND  =         0.0000  RESTRAINT  =         0.0000
 CMAP   =         0.1019
 Ewald error estimate:   0.5464E-03
 ------------------------------------------------------------------------------

 NMR restraints: Bond =    0.000   Angle =     0.000   Torsion =     0.000
===============================================================================

 NSTEP =     6100   TIME(PS) =      12.200  TEMP(K) =   201.93  PRESS =     0.0
 Etot   =     -8409.5551  EKtot   =       852.3036  EPtot      =     -9261.8587
 BOND   =         2.3489  ANGLE   =         4.9994  DIHED      =         3.6238
 1-4 NB =         3.3428  1-4 EEL =        46.8866  VDWAALS    =      1480.6313
 EELEC  =    -10803.1856  EHBOND  =         0.0000  RESTRAINT  =         0.0000
 CMAP   =        -0.5060
 Ewald error estimate:   0.1043E-03
 ------------------------------------------------------------------------------

 NMR restraints: Bond =    0.000   Angle =     0.000   Torsion =     0.000
===============================================================================

 NSTEP =     6200   TIME(PS) =      12.400  TEMP(K) =   193.44  PRESS =     0.0
 Etot   =     -8378.2602  EKtot   =       816.4531  EPtot      =     -9194.7133
 BOND   =         6.1145  ANGLE   =         7.1176  DIHED      =         4.4418
 1-4 NB =         2.2717  1-4 EEL =        44.2464  VDWAALS    =      1492.3955
 EELEC  =    -10751.1617  EHBOND  =         0.0000  RESTRAINT  =         0.0000
 CMAP   =        -0.1391
 Ewald error estimate:   0.9494E-03
 ------------------------------------------------------------------------------

 NMR restraints: Bond =    0.000   Angle =     0.000   Torsion =     0.000
===============================================================================

 NSTEP =     6300   TIME(PS) =      12.600  TEMP(K) =   200.02  PRESS =     0.0
 Etot   =     -8358.7249  EKtot   =       844.2459  EPtot      =     -9202.9708
 BOND   =         4.4410  ANGLE   =         3.4453  DIHED      =         3.6663
 1-4 NB =         3.5126  1-4 EEL =        44.2319  VDWAALS    =      1513.6135
 EELEC  =    -10775.9011  EHBOND  =         0.0000  RESTRAINT  =         0.0000
 CMAP   =         0.0196
 Ewald error estimate:   0.5825E-03
 ------------------------------------------------------------------------------

 NMR restraints: Bond =    0.000   Angle =     0.000   Torsion =     0.000
===============================================================================

 NSTEP =     6400   TIME(PS) =      12.800  TEMP(K) =   200.51  PRESS =     0.0
 Etot   =     -8330.1005  EKtot   =       846.2928  EPtot      =     -9176.3933
 BOND   =         2.3293  ANGLE   =         5.5631  DIHED      =         3.7779
 1-4 NB =         4.0819  1-4 EEL =        48.1785  VDWAALS    =      1484.8262
 EELEC  =    -10725.0913  EHBOND  =         0.0000  RESTRAINT  =         0.0000
 CMAP   =        -0.0590
 Ewald error estimate:   0.7341E-03
 ------------------------------------------------------------------------------

 NMR restraints: Bond =    0.000   Angle =     0.000   Torsion =     0.000
===============================================================================

 NSTEP =     6500   TIME(PS) =      13.000  TEMP(K) =   209.45  PRESS =     0.0
 Etot   =     -8267.8241  EKtot   =       884.0385  EPtot      =     -9151.8626
 BOND   =         4.2365  ANGLE   =         7.0830  DIHED      =         5.0167
 1-4 NB =         3.3980  1-4 EEL =        47.4082  VDWAALS    =      1508.8860
 EELEC  =    -10727.3325  EHBOND  =         0.0000  RESTRAINT  =         0.0000
 CMAP   =        -0.5586
 Ewald error estimate:   0.7232E-03
 ------------------------------------------------------------------------------

 NMR restraints: Bond =    0.000   Angle =     0.000   Torsion =     0.000
===============================================================================

 NSTEP =     6600   TIME(PS) =      13.200  TEMP(K) =   212.30  PRESS =     0.0
 Etot   =     -8225.6691  EKtot   =       896.0859  EPtot      =     -9121.7550
 BOND   =         1.4150  ANGLE   =         7.3492  DIHED      =         5.0830
 1-4 NB =         3.6140  1-4 EEL =        44.1044  VDWAALS    =      1508.9176
 EELEC  =    -10692.0196  EHBOND  =         0.0000  RESTRAINT  =         0.0000
 CMAP   =        -0.2186
 Ewald error estimate:   0.1424E-03
 ------------------------------------------------------------------------------

 NMR restraints: Bond =    0.000   Angle =     0.000   Torsion =     0.000
===============================================================================

 NSTEP =     6700   TIME(PS) =      13.400  TEMP(K) =   215.38  PRESS =     0.0
 Etot   =     -8203.0468  EKtot   =       909.0884  EPtot      =     -9112.1351
 BOND   =         2.8333  ANGLE   =         6.0539  DIHED      =         3.4134
 1-4 NB =         2.7230  1-4 EEL =        47.9467  VDWAALS    =      1485.4303
 EELEC  =    -10660.2297  EHBOND  =         0.0000  RESTRAINT  =         0.0000
 CMAP   =        -0.3061
 Ewald error estimate:   0.4353E-03
 ------------------------------------------------------------------------------

 NMR restraints: Bond =    0.000   Angle =     0.000   Torsion =     0.000
===============================================================================

 NSTEP =     6800   TIME(PS) =      13.600  TEMP(K) =   211.64  PRESS =     0.0
 Etot   =     -8153.9263  EKtot   =       893.3077  EPtot      =     -9047.2340
 BOND   =         3.2983  ANGLE   =         7.0630  DIHED      =         3.9540
 1-4 NB =         4.6057  1-4 EEL =        47.4628  VDWAALS    =      1492.0538
 EELEC  =    -10605.2765  EHBOND  =         0.0000  RESTRAINT  =         0.0000
 CMAP   =        -0.3952
 Ewald error estimate:   0.6839E-03
 ------------------------------------------------------------------------------

 NMR restraints: Bond =    0.000   Angle =     0.000   Torsion =     0.000
===============================================================================

 NSTEP =     6900   TIME(PS) =      13.800  TEMP(K) =   219.10  PRESS =     0.0
 Etot   =     -8127.2921  EKtot   =       924.7817  EPtot      =     -9052.0738
 BOND   =         0.6553  ANGLE   =         8.1934  DIHED      =         6.6748
 1-4 NB =         2.9273  1-4 EEL =        45.6880  VDWAALS    =      1451.0836
 EELEC  =    -10566.7483  EHBOND  =         0.0000  RESTRAINT  =         0.0000
 CMAP   =        -0.5478
 Ewald error estimate:   0.1182E-02
 ------------------------------------------------------------------------------

 NMR restraints: Bond =    0.000   Angle =     0.000   Torsion =     0.000
===============================================================================

 NSTEP =     7000   TIME(PS) =      14.000  TEMP(K) =   226.06  PRESS =     0.0
 Etot   =     -8110.5367  EKtot   =       954.1582  EPtot      =     -9064.6949
 BOND   =         1.6221  ANGLE   =         7.4475  DIHED      =         4.5743
 1-4 NB =         3.6713  1-4 EEL =        47.2632  VDWAALS    =      1485.1726
 EELEC  =    -10613.8683  EHBOND  =         0.0000  RESTRAINT  =         0.0000
 CMAP   =        -0.5776
 Ewald error estimate:   0.3520E-03
 ------------------------------------------------------------------------------

 NMR restraints: Bond =    0.000   Angle =     0.000   Torsion =     0.000
===============================================================================

 NSTEP =     7100   TIME(PS) =      14.200  TEMP(K) =   236.32  PRESS =     0.0
 Etot   =     -8064.4985  EKtot   =       997.4709  EPtot      =     -9061.9694
 BOND   =         2.3929  ANGLE   =         8.0575  DIHED      =         4.8168
 1-4 NB =         2.2763  1-4 EEL =        46.4317  VDWAALS    =      1482.7912
 EELEC  =    -10608.1737  EHBOND  =         0.0000  RESTRAINT  =         0.0000
 CMAP   =        -0.5622
 Ewald error estimate:   0.1017E-02
 ------------------------------------------------------------------------------

 NMR restraints: Bond =    0.000   Angle =     0.000   Torsion =     0.000
===============================================================================

 NSTEP =     7200   TIME(PS) =      14.400  TEMP(K) =   234.89  PRESS =     0.0
 Etot   =     -8024.5041  EKtot   =       991.4102  EPtot      =     -9015.9143
 BOND   =         1.7716  ANGLE   =         7.4213  DIHED      =         3.4851
 1-4 NB =         3.7148  1-4 EEL =        45.6821  VDWAALS    =      1439.9538
 EELEC  =    -10517.7647  EHBOND  =         0.0000  RESTRAINT  =         0.0000
 CMAP   =        -0.1781
 Ewald error estimate:   0.1503E-03
 ------------------------------------------------------------------------------

 NMR restraints: Bond =    0.000   Angle =     0.000   Torsion =     0.000
===============================================================================

 NSTEP =     7300   TIME(PS) =      14.600  TEMP(K) =   238.37  PRESS =     0.0
 Etot   =     -7989.0048  EKtot   =      1006.1240  EPtot      =     -8995.1287
 BOND   =         2.6755  ANGLE   =         8.1992  DIHED      =         3.4106
 1-4 NB =         3.5445  1-4 EEL =        48.5493  VDWAALS    =      1458.5446
 EELEC  =    -10521.1696  EHBOND  =         0.0000  RESTRAINT  =         0.0000
 CMAP   =         1.1172
 Ewald error estimate:   0.7811E-04
 ------------------------------------------------------------------------------

 NMR restraints: Bond =    0.000   Angle =     0.000   Torsion =     0.000
===============================================================================

 NSTEP =     7400   TIME(PS) =      14.800  TEMP(K) =   238.25  PRESS =     0.0
 Etot   =     -7982.6795  EKtot   =      1005.6157  EPtot      =     -8988.2952
 BOND   =         1.3379  ANGLE   =         6.7741  DIHED      =         3.4960
 1-4 NB =         2.7374  1-4 EEL =        48.2140  VDWAALS    =      1426.4528
 EELEC  =    -10478.4320  EHBOND  =         0.0000  RESTRAINT  =         0.0000
 CMAP   =         1.1246
 Ewald error estimate:   0.2482E-03
 ------------------------------------------------------------------------------

 NMR restraints: Bond =    0.000   Angle =     0.000   Torsion =     0.000
===============================================================================

 NSTEP =     7500   TIME(PS) =      15.000  TEMP(K) =   247.38  PRESS =     0.0
 Etot   =     -7985.5692  EKtot   =      1044.1274  EPtot      =     -9029.6966
 BOND   =         0.8382  ANGLE   =         9.4070  DIHED      =         3.3038
 1-4 NB =         3.5451  1-4 EEL =        47.8485  VDWAALS    =      1477.1621
 EELEC  =    -10572.6815  EHBOND  =         0.0000  RESTRAINT  =         0.0000
 CMAP   =         0.8802
 Ewald error estimate:   0.9599E-04
 ------------------------------------------------------------------------------

 NMR restraints: Bond =    0.000   Angle =     0.000   Torsion =     0.000
===============================================================================

 NSTEP =     7600   TIME(PS) =      15.200  TEMP(K) =   241.52  PRESS =     0.0
 Etot   =     -7952.4131  EKtot   =      1019.4009  EPtot      =     -8971.8140
 BOND   =         2.2141  ANGLE   =        10.4523  DIHED      =         4.8607
 1-4 NB =         2.0816  1-4 EEL =        46.1597  VDWAALS    =      1440.4771
 EELEC  =    -10478.2871  EHBOND  =         0.0000  RESTRAINT  =         0.0000
 CMAP   =         0.2277
 Ewald error estimate:   0.5552E-03
 ------------------------------------------------------------------------------

 NMR restraints: Bond =    0.000   Angle =     0.000   Torsion =     0.000
===============================================================================

 NSTEP =     7700   TIME(PS) =      15.400  TEMP(K) =   244.44  PRESS =     0.0
 Etot   =     -7939.8124  EKtot   =      1031.7271  EPtot      =     -8971.5396
 BOND   =         4.1003  ANGLE   =         5.6712  DIHED      =         8.8393
 1-4 NB =         3.3135  1-4 EEL =        48.5979  VDWAALS    =      1451.3994
 EELEC  =    -10494.3500  EHBOND  =         0.0000  RESTRAINT  =         0.0000
 CMAP   =         0.8886
 Ewald error estimate:   0.1006E-03
 ------------------------------------------------------------------------------

 NMR restraints: Bond =    0.000   Angle =     0.000   Torsion =     0.000
===============================================================================

 NSTEP =     7800   TIME(PS) =      15.600  TEMP(K) =   242.28  PRESS =     0.0
 Etot   =     -7903.8469  EKtot   =      1022.6347  EPtot      =     -8926.4816
 BOND   =         2.2878  ANGLE   =         7.7656  DIHED      =         7.1040
 1-4 NB =         2.9660  1-4 EEL =        46.3193  VDWAALS    =      1466.0032
 EELEC  =    -10459.3659  EHBOND  =         0.0000  RESTRAINT  =         0.0000
 CMAP   =         0.4384
 Ewald error estimate:   0.1898E-03
 ------------------------------------------------------------------------------

 NMR restraints: Bond =    0.000   Angle =     0.000   Torsion =     0.000
===============================================================================

 NSTEP =     7900   TIME(PS) =      15.800  TEMP(K) =   248.73  PRESS =     0.0
 Etot   =     -7898.2771  EKtot   =      1049.8181  EPtot      =     -8948.0951
 BOND   =         3.0076  ANGLE   =        10.4352  DIHED      =         4.1420
 1-4 NB =         3.7552  1-4 EEL =        47.1564  VDWAALS    =      1492.4340
 EELEC  =    -10509.4657  EHBOND  =         0.0000  RESTRAINT  =         0.0000
 CMAP   =         0.4403
 Ewald error estimate:   0.7204E-03
 ------------------------------------------------------------------------------

 NMR restraints: Bond =    0.000   Angle =     0.000   Torsion =     0.000
===============================================================================

 NSTEP =     8000   TIME(PS) =      16.000  TEMP(K) =   255.35  PRESS =     0.0
 Etot   =     -7825.1646  EKtot   =      1077.7722  EPtot      =     -8902.9368
 BOND   =         3.3621  ANGLE   =        10.2983  DIHED      =         7.5233
 1-4 NB =         2.2528  1-4 EEL =        46.3617  VDWAALS    =      1456.1097
 EELEC  =    -10430.0839  EHBOND  =         0.0000  RESTRAINT  =         0.0000
 CMAP   =         1.2390
 Ewald error estimate:   0.6461E-03
 ------------------------------------------------------------------------------

 NMR restraints: Bond =    0.000   Angle =     0.000   Torsion =     0.000
===============================================================================

 NSTEP =     8100   TIME(PS) =      16.200  TEMP(K) =   249.36  PRESS =     0.0
 Etot   =     -7847.5384  EKtot   =      1052.5133  EPtot      =     -8900.0517
 BOND   =         4.6727  ANGLE   =         9.9376  DIHED      =         3.9977
 1-4 NB =         3.5839  1-4 EEL =        42.1454  VDWAALS    =      1477.8569
 EELEC  =    -10442.9171  EHBOND  =         0.0000  RESTRAINT  =         0.0000
 CMAP   =         0.6712
 Ewald error estimate:   0.7882E-03
 ------------------------------------------------------------------------------

 NMR restraints: Bond =    0.000   Angle =     0.000   Torsion =     0.000
===============================================================================

 NSTEP =     8200   TIME(PS) =      16.400  TEMP(K) =   256.09  PRESS =     0.0
 Etot   =     -7782.4984  EKtot   =      1080.8846  EPtot      =     -8863.3830
 BOND   =         5.2423  ANGLE   =        12.9904  DIHED      =         4.8948
 1-4 NB =         2.5145  1-4 EEL =        45.5880  VDWAALS    =      1476.9904
 EELEC  =    -10411.6246  EHBOND  =         0.0000  RESTRAINT  =         0.0000
 CMAP   =         0.0213
 Ewald error estimate:   0.6455E-03
 ------------------------------------------------------------------------------

 NMR restraints: Bond =    0.000   Angle =     0.000   Torsion =     0.000
===============================================================================

 NSTEP =     8300   TIME(PS) =      16.600  TEMP(K) =   261.54  PRESS =     0.0
 Etot   =     -7741.6413  EKtot   =      1103.8917  EPtot      =     -8845.5331
 BOND   =         4.8278  ANGLE   =         8.9010  DIHED      =         3.4853
 1-4 NB =         4.5610  1-4 EEL =        48.0572  VDWAALS    =      1431.3934
 EELEC  =    -10346.2999  EHBOND  =         0.0000  RESTRAINT  =         0.0000
 CMAP   =        -0.4588
 Ewald error estimate:   0.2037E-03
 ------------------------------------------------------------------------------

 NMR restraints: Bond =    0.000   Angle =     0.000   Torsion =     0.000
===============================================================================

 NSTEP =     8400   TIME(PS) =      16.800  TEMP(K) =   263.81  PRESS =     0.0
 Etot   =     -7643.7062  EKtot   =      1113.4873  EPtot      =     -8757.1934
 BOND   =         4.3966  ANGLE   =        11.4608  DIHED      =         5.7815
 1-4 NB =         2.9864  1-4 EEL =        45.2889  VDWAALS    =      1373.2941
 EELEC  =    -10199.8298  EHBOND  =         0.0000  RESTRAINT  =         0.0000
 CMAP   =        -0.5719
 Ewald error estimate:   0.5659E-03
 ------------------------------------------------------------------------------

 NMR restraints: Bond =    0.000   Angle =     0.000   Torsion =     0.000
===============================================================================

 NSTEP =     8500   TIME(PS) =      17.000  TEMP(K) =   273.67  PRESS =     0.0
 Etot   =     -7593.4554  EKtot   =      1155.1155  EPtot      =     -8748.5708
 BOND   =         4.2098  ANGLE   =         6.7875  DIHED      =         8.9791
 1-4 NB =         3.6186  1-4 EEL =        45.4181  VDWAALS    =      1406.3437
 EELEC  =    -10223.1916  EHBOND  =         0.0000  RESTRAINT  =         0.0000
 CMAP   =        -0.7361
 Ewald error estimate:   0.7703E-03
 ------------------------------------------------------------------------------

 NMR restraints: Bond =    0.000   Angle =     0.000   Torsion =     0.000
===============================================================================

 NSTEP =     8600   TIME(PS) =      17.200  TEMP(K) =   287.13  PRESS =     0.0
 Etot   =     -7494.3461  EKtot   =      1211.8963  EPtot      =     -8706.2424
 BOND   =         5.6634  ANGLE   =         5.4131  DIHED      =         5.3426
 1-4 NB =         2.7002  1-4 EEL =        44.4129  VDWAALS    =      1437.2911
 EELEC  =    -10206.8678  EHBOND  =         0.0000  RESTRAINT  =         0.0000
 CMAP   =        -0.1979
 Ewald error estimate:   0.2436E-03
 ------------------------------------------------------------------------------

 NMR restraints: Bond =    0.000   Angle =     0.000   Torsion =     0.000
===============================================================================

 NSTEP =     8700   TIME(PS) =      17.400  TEMP(K) =   281.15  PRESS =     0.0
 Etot   =     -7464.7752  EKtot   =      1186.6801  EPtot      =     -8651.4553
 BOND   =         5.9344  ANGLE   =         7.7981  DIHED      =         4.5841
 1-4 NB =         3.4659  1-4 EEL =        45.3749  VDWAALS    =      1315.0951
 EELEC  =    -10034.1240  EHBOND  =         0.0000  RESTRAINT  =         0.0000
 CMAP   =         0.4162
 Ewald error estimate:   0.1216E-03
 ------------------------------------------------------------------------------

 NMR restraints: Bond =    0.000   Angle =     0.000   Torsion =     0.000
===============================================================================

 NSTEP =     8800   TIME(PS) =      17.600  TEMP(K) =   278.55  PRESS =     0.0
 Etot   =     -7463.7518  EKtot   =      1175.6864  EPtot      =     -8639.4382
 BOND   =         1.4829  ANGLE   =        10.6075  DIHED      =         3.2530
 1-4 NB =         3.2702  1-4 EEL =        47.1139  VDWAALS    =      1385.2708
 EELEC  =    -10091.8135  EHBOND  =         0.0000  RESTRAINT  =         0.0000
 CMAP   =         1.3770
 Ewald error estimate:   0.1614E-03
 ------------------------------------------------------------------------------

 NMR restraints: Bond =    0.000   Angle =     0.000   Torsion =     0.000
===============================================================================

 NSTEP =     8900   TIME(PS) =      17.800  TEMP(K) =   290.76  PRESS =     0.0
 Etot   =     -7409.9435  EKtot   =      1227.2447  EPtot      =     -8637.1883
 BOND   =         0.7122  ANGLE   =         8.0030  DIHED      =         2.8891
 1-4 NB =         5.8202  1-4 EEL =        48.9357  VDWAALS    =      1311.6734
 EELEC  =    -10016.2121  EHBOND  =         0.0000  RESTRAINT  =         0.0000
 CMAP   =         0.9904
 Ewald error estimate:   0.8040E-03
 ------------------------------------------------------------------------------

 NMR restraints: Bond =    0.000   Angle =     0.000   Torsion =     0.000
===============================================================================

 NSTEP =     9000   TIME(PS) =      18.000  TEMP(K) =   284.04  PRESS =     0.0
 Etot   =     -7370.6206  EKtot   =      1198.8803  EPtot      =     -8569.5009
 BOND   =         5.3702  ANGLE   =         9.3278  DIHED      =         4.1939
 1-4 NB =         4.1508  1-4 EEL =        47.5912  VDWAALS    =      1346.6779
 EELEC  =     -9985.8974  EHBOND  =         0.0000  RESTRAINT  =         0.0000
 CMAP   =        -0.9154
 Ewald error estimate:   0.1740E-03
 ------------------------------------------------------------------------------

 NMR restraints: Bond =    0.000   Angle =     0.000   Torsion =     0.000
===============================================================================

 NSTEP =     9100   TIME(PS) =      18.200  TEMP(K) =   291.90  PRESS =     0.0
 Etot   =     -7373.1556  EKtot   =      1232.0376  EPtot      =     -8605.1932
 BOND   =         2.8461  ANGLE   =        12.6961  DIHED      =         6.3626
 1-4 NB =         2.6423  1-4 EEL =        45.4639  VDWAALS    =      1275.4988
 EELEC  =     -9950.8022  EHBOND  =         0.0000  RESTRAINT  =         0.0000
 CMAP   =         0.0992
 Ewald error estimate:   0.7891E-03
 ------------------------------------------------------------------------------

 NMR restraints: Bond =    0.000   Angle =     0.000   Torsion =     0.000
===============================================================================

 NSTEP =     9200   TIME(PS) =      18.400  TEMP(K) =   280.22  PRESS =     0.0
 Etot   =     -7444.1399  EKtot   =      1182.7582  EPtot      =     -8626.8981
 BOND   =         3.3135  ANGLE   =         8.5220  DIHED      =         6.1827
 1-4 NB =         5.0475  1-4 EEL =        45.8096  VDWAALS    =      1315.2842
 EELEC  =    -10010.2573  EHBOND  =         0.0000  RESTRAINT  =         0.0000
 CMAP   =        -0.8001
 Ewald error estimate:   0.5844E-04
 ------------------------------------------------------------------------------

 NMR restraints: Bond =    0.000   Angle =     0.000   Torsion =     0.000
===============================================================================

 NSTEP =     9300   TIME(PS) =      18.600  TEMP(K) =   287.60  PRESS =     0.0
 Etot   =     -7385.4169  EKtot   =      1213.8982  EPtot      =     -8599.3150
 BOND   =         4.4066  ANGLE   =         8.4384  DIHED      =         4.7774
 1-4 NB =         3.4017  1-4 EEL =        46.3388  VDWAALS    =      1285.3790
 EELEC  =     -9951.4818  EHBOND  =         0.0000  RESTRAINT  =         0.0000
 CMAP   =        -0.5750
 Ewald error estimate:   0.3544E-03
 ------------------------------------------------------------------------------

 NMR restraints: Bond =    0.000   Angle =     0.000   Torsion =     0.000
===============================================================================

 NSTEP =     9400   TIME(PS) =      18.800  TEMP(K) =   293.37  PRESS =     0.0
 Etot   =     -7305.4818  EKtot   =      1238.2629  EPtot      =     -8543.7447
 BOND   =         7.5299  ANGLE   =         7.0749  DIHED      =         4.6003
 1-4 NB =         3.2461  1-4 EEL =        43.9172  VDWAALS    =      1269.6451
 EELEC  =     -9879.4678  EHBOND  =         0.0000  RESTRAINT  =         0.0000
 CMAP   =        -0.2903
 Ewald error estimate:   0.8718E-04
 ------------------------------------------------------------------------------

 NMR restraints: Bond =    0.000   Angle =     0.000   Torsion =     0.000
===============================================================================

 NSTEP =     9500   TIME(PS) =      19.000  TEMP(K) =   283.88  PRESS =     0.0
 Etot   =     -7290.6362  EKtot   =      1198.2061  EPtot      =     -8488.8424
 BOND   =         7.0336  ANGLE   =         6.6456  DIHED      =         3.3545
 1-4 NB =         2.8672  1-4 EEL =        45.1122  VDWAALS    =      1332.2211
 EELEC  =     -9885.5827  EHBOND  =         0.0000  RESTRAINT  =         0.0000
 CMAP   =        -0.4940
 Ewald error estimate:   0.2323E-03
 ------------------------------------------------------------------------------

 NMR restraints: Bond =    0.000   Angle =     0.000   Torsion =     0.000
===============================================================================

 NSTEP =     9600   TIME(PS) =      19.200  TEMP(K) =   294.17  PRESS =     0.0
 Etot   =     -7258.0119  EKtot   =      1241.6192  EPtot      =     -8499.6312
 BOND   =         3.0438  ANGLE   =         9.1233  DIHED      =         4.2931
 1-4 NB =         3.8876  1-4 EEL =        44.6483  VDWAALS    =      1332.9102
 EELEC  =     -9898.2737  EHBOND  =         0.0000  RESTRAINT  =         0.0000
 CMAP   =         0.7361
 Ewald error estimate:   0.1759E-03
 ------------------------------------------------------------------------------

 NMR restraints: Bond =    0.000   Angle =     0.000   Torsion =     0.000
===============================================================================

 NSTEP =     9700   TIME(PS) =      19.400  TEMP(K) =   295.87  PRESS =     0.0
 Etot   =     -7252.4398  EKtot   =      1248.8062  EPtot      =     -8501.2460
 BOND   =         4.8334  ANGLE   =         4.7332  DIHED      =         3.9324
 1-4 NB =         3.0341  1-4 EEL =        43.6425  VDWAALS    =      1286.7819
 EELEC  =     -9847.7975  EHBOND  =         0.0000  RESTRAINT  =         0.0000
 CMAP   =        -0.4059
 Ewald error estimate:   0.1326E-03
 ------------------------------------------------------------------------------

 NMR restraints: Bond =    0.000   Angle =     0.000   Torsion =     0.000
===============================================================================

 NSTEP =     9800   TIME(PS) =      19.600  TEMP(K) =   301.24  PRESS =     0.0
 Etot   =     -7174.2094  EKtot   =      1271.4653  EPtot      =     -8445.6747
 BOND   =         3.1091  ANGLE   =         5.7743  DIHED      =         3.5417
 1-4 NB =         3.3402  1-4 EEL =        44.3518  VDWAALS    =      1245.3945
 EELEC  =     -9751.3384  EHBOND  =         0.0000  RESTRAINT  =         0.0000
 CMAP   =         0.1520
 Ewald error estimate:   0.1641E-03
 ------------------------------------------------------------------------------

 NMR restraints: Bond =    0.000   Angle =     0.000   Torsion =     0.000
===============================================================================

 NSTEP =     9900   TIME(PS) =      19.800  TEMP(K) =   299.93  PRESS =     0.0
 Etot   =     -7174.8816  EKtot   =      1265.9430  EPtot      =     -8440.8246
 BOND   =         4.1600  ANGLE   =         6.9750  DIHED      =         4.4056
 1-4 NB =         2.8147  1-4 EEL =        43.3326  VDWAALS    =      1318.5319
 EELEC  =     -9821.1749  EHBOND  =         0.0000  RESTRAINT  =         0.0000
 CMAP   =         0.1305
 Ewald error estimate:   0.1113E-03
 ------------------------------------------------------------------------------

 NMR restraints: Bond =    0.000   Angle =     0.000   Torsion =     0.000
===============================================================================

 NSTEP =    10000   TIME(PS) =      20.000  TEMP(K) =   303.88  PRESS =     0.0
 Etot   =     -7151.7550  EKtot   =      1282.6329  EPtot      =     -8434.3879
 BOND   =         3.9271  ANGLE   =        10.7245  DIHED      =         4.8921
 1-4 NB =         2.8820  1-4 EEL =        46.4837  VDWAALS    =      1274.0504
 EELEC  =     -9778.6171  EHBOND  =         0.0000  RESTRAINT  =         0.0000
 CMAP   =         1.2694
 Ewald error estimate:   0.2224E-03
 ------------------------------------------------------------------------------

 NMR restraints: Bond =    0.000   Angle =     0.000   Torsion =     0.000
===============================================================================

      A V E R A G E S   O V E R   10000 S T E P S


 NSTEP =    10000   TIME(PS) =      20.000  TEMP(K) =   158.36  PRESS =     0.0
 Etot   =     -8602.3932  EKtot   =       668.3915  EPtot      =     -9270.7847
 BOND   =         1.9798  ANGLE   =         5.1161  DIHED      =         3.7995
 1-4 NB =         3.1323  1-4 EEL =        46.1589  VDWAALS    =      1512.4084
 EELEC  =    -10843.2100  EHBOND  =         0.0000  RESTRAINT  =         0.0000
 CMAP   =        -0.1696
 Ewald error estimate:   0.4311E-03
 ------------------------------------------------------------------------------

 NMR restraints: Bond =    0.000   Angle =     0.000   Torsion =     0.000
===============================================================================

      R M S  F L U C T U A T I O N S


 NSTEP =    10000   TIME(PS) =      20.000  TEMP(K) =    90.12  PRESS =     0.0
 Etot   =       771.1438  EKtot   =       380.3744  EPtot      =       398.4612
 BOND   =         1.3479  ANGLE   =         2.8788  DIHED      =         1.0445
 1-4 NB =         0.5728  1-4 EEL =         1.4940  VDWAALS    =       120.4252
 EELEC  =       499.6042  EHBOND  =         0.0000  RESTRAINT  =         0.0000
 CMAP   =         0.5396
 Ewald error estimate:   0.2967E-03
 ------------------------------------------------------------------------------


 NMR restraints on final step:


--------------------------------------------------------------------------------
   5.  TIMINGS
--------------------------------------------------------------------------------

|                Build the list             8.53 (99.05% of List )
|                Other                      0.08 ( 0.95% of List )
|             List time                  8.61 ( 5.64% of Nonbo)
|                   Short_ene time           109.75 (99.03% of Direc)
|                   Other                      1.07 ( 0.97% of Direc)
|                Direct Ewald time        110.83 (76.94% of Ewald)
|                Adjust Ewald time          1.13 ( 0.79% of Ewald)
|                   Fill Bspline coeffs        1.19 ( 3.83% of Recip)
|                   Fill charge grid           3.04 ( 9.76% of Recip)
|                   Scalar sum                11.97 (38.45% of Recip)
|                   Grad sum                   6.15 (19.75% of Recip)
|                   FFT time                   8.77 (28.18% of Recip)
|                   Other                      0.01 ( 0.03% of Recip)
|                Recip Ewald time          31.12 (21.60% of Ewald)
|                Force Adjust               0.04 ( 0.02% of Ewald)
|                Virial junk                0.11 ( 0.08% of Ewald)
|                Other                      0.82 ( 0.57% of Ewald)
|             Ewald time               144.05 (94.36% of Nonbo)
|          Nonbond force            152.66 (99.78% of Force)
|          Bond/Angle/Dihedral        0.29 ( 0.19% of Force)
|          Other                      0.05 ( 0.03% of Force)
|       Force time               153.00 (93.05% of Runmd)
|       Shake time                 0.86 ( 0.52% of Runmd)
|       Verlet update time        10.42 ( 6.33% of Runmd)
|       Other                      0.15 ( 0.09% of Runmd)
|    Runmd Time               164.42 (99.88% of Total)
|    Other                      0.20 ( 0.12% of Total)
| Total time               164.63 (100.0% of ALL  )

| Number of list builds   :        353

| Highest rstack allocated:     153484
| Highest istack allocated:       2818

| Final Performance Info:
| -----------------------------------------------------
| Average timings for all steps:
|     Elapsed(s) =     164.43 Per Step(ms) =      16.44
|         ns/day =      10.51   seconds/ns =    8221.26
| -----------------------------------------------------

|           Job began  at 18:51:14.421  on 10/21/2021
|           Setup done at 18:51:14.627  on 10/21/2021
|           Run   done at 18:53:59.052  on 10/21/2021
|     wallclock() was called  440857 times

|3D-RISM memory allocation summary
|Type          Maximum        Current   
|Integer       0.00000 GB     0.00000 GB
|Real          0.00000 GB     0.00000 GB
|Logical       0.00000 GB     0.00000 GB
|Character     0.00000 GB     0.00000 GB
|---------------------------------------
|Total         0.00000 GB     0.00000 GB
