
          -------------------------------------------------------
          Amber 20 SANDER                              2020
          -------------------------------------------------------

| Run on 10/19/2021 at 09:31:52

|   Executable path: /shared/software/atomistic/amber/20_intel21_serial/bin/sander
| Working directory: /gpfs20/scratch/krb0073/AMBER
|          Hostname: trcis001.hpc.wvu.edu

  [-O]verwriting output

File Assignments:
|  MDIN: min.in                                                                
| MDOUT: 01_Min.out                                                            
|INPCRD: rst7                                                                  
|  PARM: parm7                                                                 
|RESTRT: 01_Min.ncrst                                                          
|  REFC: refc                                                                  
| MDVEL: mdvel                                                                 
| MDFRC: mdfrc                                                                 
|  MDEN: mden                                                                  
| MDCRD: mdcrd                                                                 
|MDINFO: 01_Min.mdinfo                                                         
|  MTMD: mtmd                                                                  
|INPDIP: inpdip                                                                
|RSTDIP: rstdip                                                                
|INPTRA: inptraj                                                               

 
 Here is the input file:
 
Minimize                                                                       
 &cntrl                                                                        
  imin=1,                                                                      
  ntx=1,                                                                       
  irest=0,                                                                     
  maxcyc=2000,                                                                 
  ncyc=1000,                                                                   
  ntpr=100,                                                                    
  ntwx=0,                                                                      
  cut=8.0,                                                                     
 /                                                                             

--------------------------------------------------------------------------------
   1.  RESOURCE   USE: 
--------------------------------------------------------------------------------

| Flags:                                                                        
 getting new box info from bottom of inpcrd
|  INFO: Old style inpcrd file read

| peek_ewald_inpcrd: Box info found
|Largest sphere to fit in unit cell has radius =    13.132
| New format PARM file being parsed.
| Version =    1.000 Date = 10/19/21 Time = 09:16:51
 NATOM  =    2818 NTYPES =      10 NBONH =    2109 MBONA  =     708
 NTHETH =      25 MTHETA =      11 NPHIH =      43 MPHIA  =      24
 NHPARM =       0 NPARM  =       0 NNB   =    4992 NRES   =     702
 NBONA  =     708 NTHETA =      11 NPHIA =      24 NUMBND =      14
 NUMANG =      21 NPTRA  =      14 NATYP =      11 NPHB   =       1
 IFBOX  =       2 NMXRS  =      10 IFCAP =       0 NEXTRA =     699
 NCOPY  =       0

| CMAP information read from topology file: 

|     Memory Use     Allocated
|     Real             1010752
|     Hollerith           9158
|     Integer            99391
|     Max Pairs        1127200
|     nblistReal         33816
|     nblist Int         98259
|       Total            13371 kbytes

| Note: 1-4 EEL scale factors are being read from the topology file.

| Note: 1-4 VDW scale factors are being read from the topology file.
| Duplicated    0 dihedrals
| Duplicated    0 dihedrals
|CMAP: Reticulating splines.

     BOX TYPE: TRUNCATED OCTAHEDRON

--------------------------------------------------------------------------------
   2.  CONTROL  DATA  FOR  THE  RUN
--------------------------------------------------------------------------------

ACE                                                                             

General flags:
     imin    =       1, nmropt  =       0

Nature and format of input:
     ntx     =       1, irest   =       0, ntrx    =       1

Nature and format of output:
     ntxo    =       2, ntpr    =     100, ntrx    =       1, ntwr    =       1
     iwrap   =       0, ntwx    =       0, ntwv    =       0, ntwe    =       0
     ioutfm  =       1, ntwprt  =       0, idecomp =       0, rbornstat=      0

Potential function:
     ntf     =       1, ntb     =       1, igb     =       0, nsnb    =      25
     ipol    =       0, gbsa    =       0, iesp    =       0
     dielc   =   1.00000, cut     =   8.00000, intdiel =   1.00000

Frozen or restrained atoms:
     ibelly  =       0, ntr     =       0

Energy minimization:
     maxcyc  =    2000, ncyc    =    1000, ntmin   =       1
     dx0     =   0.01000, drms    =   0.00010

Extra-points options:
     frameon =       1, chngmask=       1

Ewald parameters:
     verbose =       0, ew_type =       0, nbflag  =       1, use_pme =       1
     vdwmeth =       1, eedmeth =       1, netfrc  =       0
     Box X =   32.168   Box Y =   32.168   Box Z =   32.168
     Alpha =  109.471   Beta  =  109.471   Gamma =  109.471
     NFFT1 =   32       NFFT2 =   32       NFFT3 =   32
     Cutoff=    8.000   Tol   =0.100E-04
     Ewald Coefficient =  0.34864
     Interpolation order =    4
|      EXTRA_PTS, trim_bonds: num bonds BEFORE trim =  2109     0
|      EXTRA_PTS, trim_bonds: num bonds AFTER  trim =  2109     0
|      EXTRA_PTS, trim_bonds: num bonds BEFORE trim =   708     0
|      EXTRA_PTS, trim_bonds: num bonds AFTER  trim =     9     0
|      EXTRA_PTS, trim_theta: num angle BEFORE trim =    25     0
|      EXTRA_PTS, trim_theta: num angle AFTER  trim =    25     0
|      EXTRA_PTS, trim_theta: num angle BEFORE trim =    11     0
|      EXTRA_PTS, trim_theta: num angle AFTER  trim =    11     0
|      EXTRA_PTS, trim_phi:  num diheds BEFORE trim =    43     0
|      EXTRA_PTS, trim_phi:  num diheds AFTER  trim =    43     0
|      EXTRA_PTS, trim_phi:  num diheds BEFORE trim =    24     0
|      EXTRA_PTS, trim_phi:  num diheds AFTER  trim =    24     0

--------------------------------------------------------------------------------
   3.  ATOMIC COORDINATES AND VELOCITIES
--------------------------------------------------------------------------------

ACE                                                                             
 begin time read from input coords =     0.000 ps

 Number of triangulated 3-point waters found:      699

     Sum of charges from parm topology file =   0.00000384
     Forcing neutrality...

--------------------------------------------------------------------------------
   4.  RESULTS
--------------------------------------------------------------------------------

 ---------------------------------------------------
 APPROXIMATING switch and d/dx switch using CUBIC SPLINE INTERPOLATION
 using   5000.0 points per unit in tabled values
 TESTING RELATIVE ERROR over r ranging from 0.0 to cutoff
| CHECK switch(x): max rel err =   0.3316E-14   at   2.351880
| CHECK d/dx switch(x): max rel err =   0.8336E-11   at   2.782960
 ---------------------------------------------------
| Local SIZE OF NONBOND LIST =     646216
| TOTAL SIZE OF NONBOND LIST =     646216


   NSTEP       ENERGY          RMS            GMAX         NAME    NUMBER
      1      -7.2757E+03     1.8180E+01     1.5550E+02     O        1335

 BOND    =        0.2159  ANGLE   =        0.3620  DIHED      =        2.3903
 VDWAALS =     1002.3332  EEL     =    -8334.5030  HBOND      =        0.0000
 1-4 VDW =        5.0157  1-4 EEL =       48.9355  RESTRAINT  =        0.0000
 CMAP    =       -0.4049


   NSTEP       ENERGY          RMS            GMAX         NAME    NUMBER
    100      -9.9321E+03     1.7201E+00     7.2502E+00     H1       1512

 BOND    =     1513.2497  ANGLE   =        0.8574  DIHED      =        2.6346
 VDWAALS =     1200.5302  EEL     =   -12698.4968  HBOND      =        0.0000
 1-4 VDW =        3.3550  1-4 EEL =       46.3836  RESTRAINT  =        0.0000
 CMAP    =       -0.5760


   NSTEP       ENERGY          RMS            GMAX         NAME    NUMBER
    200      -1.0238E+04     1.5831E+00     7.2121E+00     H1        800

 BOND    =     1532.7398  ANGLE   =        0.8586  DIHED      =        2.6832
 VDWAALS =     1468.9711  EEL     =   -13292.8326  HBOND      =        0.0000
 1-4 VDW =        3.3672  1-4 EEL =       46.3294  RESTRAINT  =        0.0000
 CMAP    =       -0.5738


   NSTEP       ENERGY          RMS            GMAX         NAME    NUMBER
    300      -1.0420E+04     1.3912E+00     7.5377E+00     H2        801

 BOND    =     1735.4110  ANGLE   =        0.8788  DIHED      =        2.6495
 VDWAALS =     1647.7075  EEL     =   -13855.3471  HBOND      =        0.0000
 1-4 VDW =        3.3802  1-4 EEL =       46.2739  RESTRAINT  =        0.0000
 CMAP    =       -0.5422


   NSTEP       ENERGY          RMS            GMAX         NAME    NUMBER
    400      -1.0553E+04     1.1802E+00     6.3368E+00     H2        801

 BOND    =     1705.2134  ANGLE   =        0.9132  DIHED      =        2.6204
 VDWAALS =     1780.0709  EEL     =   -14090.4328  HBOND      =        0.0000
 1-4 VDW =        3.3817  1-4 EEL =       46.1734  RESTRAINT  =        0.0000
 CMAP    =       -0.5389


   NSTEP       ENERGY          RMS            GMAX         NAME    NUMBER
    500      -1.0653E+04     9.9831E-01     5.9078E+00     H2        801

 BOND    =     1840.5062  ANGLE   =        0.9577  DIHED      =        2.5999
 VDWAALS =     1875.5051  EEL     =   -14420.9863  HBOND      =        0.0000
 1-4 VDW =        3.3713  1-4 EEL =       46.0470  RESTRAINT  =        0.0000
 CMAP    =       -0.5398


   NSTEP       ENERGY          RMS            GMAX         NAME    NUMBER
    600      -1.0735E+04     8.8970E-01     5.0135E+00     H2        801

 BOND    =     1806.6257  ANGLE   =        1.0050  DIHED      =        2.5910
 VDWAALS =     1947.9317  EEL     =   -14542.2288  HBOND      =        0.0000
 1-4 VDW =        3.3445  1-4 EEL =       45.9122  RESTRAINT  =        0.0000
 CMAP    =       -0.4932


   NSTEP       ENERGY          RMS            GMAX         NAME    NUMBER
    700      -1.0811E+04     4.2668E-01     2.9142E+00     H1        260

 BOND    =     1887.9071  ANGLE   =        1.0499  DIHED      =        2.5780
 VDWAALS =     2007.9992  EEL     =   -14758.9694  HBOND      =        0.0000
 1-4 VDW =        3.3173  1-4 EEL =       45.7794  RESTRAINT  =        0.0000
 CMAP    =       -0.3837


   NSTEP       ENERGY          RMS            GMAX         NAME    NUMBER
    800      -1.0877E+04     3.8495E-01     2.7775E+00     H1        260

 BOND    =     1897.5164  ANGLE   =        1.0663  DIHED      =        2.5505
 VDWAALS =     2062.2635  EEL     =   -14888.6647  HBOND      =        0.0000
 1-4 VDW =        3.3061  1-4 EEL =       45.6657  RESTRAINT  =        0.0000
 CMAP    =       -0.2437


   NSTEP       ENERGY          RMS            GMAX         NAME    NUMBER
    900      -1.0931E+04     1.3251E+00     8.3255E+00     H1        796

 BOND    =     1883.5835  ANGLE   =        1.0491  DIHED      =        2.5202
 VDWAALS =     2113.5499  EEL     =   -14980.0925  HBOND      =        0.0000
 1-4 VDW =        3.3161  1-4 EEL =       45.5872  RESTRAINT  =        0.0000
 CMAP    =       -0.1156


   NSTEP       ENERGY          RMS            GMAX         NAME    NUMBER
   1000      -1.0980E+04     1.1506E+00     7.2270E+00     H2        801

 BOND    =     2013.5953  ANGLE   =        1.0393  DIHED      =        2.5032
 VDWAALS =     2158.4493  EEL     =   -15204.2648  HBOND      =        0.0000
 1-4 VDW =        3.3290  1-4 EEL =       45.5311  RESTRAINT  =        0.0000
 CMAP    =       -0.0273


   NSTEP       ENERGY          RMS            GMAX         NAME    NUMBER
   1100      -1.1199E+04     5.1239E-01     9.7264E+00     C           5

 BOND    =     2100.3001  ANGLE   =        1.1150  DIHED      =        2.5657
 VDWAALS =     2418.9194  EEL     =   -15770.8336  HBOND      =        0.0000
 1-4 VDW =        3.3462  1-4 EEL =       45.3792  RESTRAINT  =        0.0000
 CMAP    =        0.0738


   NSTEP       ENERGY          RMS            GMAX         NAME    NUMBER
   1200      -1.1267E+04     4.3066E-01     8.1062E+00     CA          9

 BOND    =     2131.8158  ANGLE   =        1.0914  DIHED      =        2.5236
 VDWAALS =     2477.7805  EEL     =   -15928.8401  HBOND      =        0.0000
 1-4 VDW =        3.2685  1-4 EEL =       45.5468  RESTRAINT  =        0.0000
 CMAP    =        0.0720


   NSTEP       ENERGY          RMS            GMAX         NAME    NUMBER
   1300      -1.1337E+04     3.0802E-01     4.6633E+00     CA          9

 BOND    =     2168.5647  ANGLE   =        0.9905  DIHED      =        2.5199
 VDWAALS =     2548.3193  EEL     =   -16107.0826  HBOND      =        0.0000
 1-4 VDW =        3.3858  1-4 EEL =       45.8097  RESTRAINT  =        0.0000
 CMAP    =        0.0194


   NSTEP       ENERGY          RMS            GMAX         NAME    NUMBER
   1400      -1.1373E+04     3.0226E-01     2.9669E+00     O        2627

 BOND    =     2186.5040  ANGLE   =        0.9798  DIHED      =        2.5063
 VDWAALS =     2583.9139  EEL     =   -16196.1573  HBOND      =        0.0000
 1-4 VDW =        3.4087  1-4 EEL =       45.8873  RESTRAINT  =        0.0000
 CMAP    =       -0.0200


   NSTEP       ENERGY          RMS            GMAX         NAME    NUMBER
   1500      -1.1394E+04     2.5382E-01     4.0789E+00     CA          9

 BOND    =     2200.0711  ANGLE   =        1.0664  DIHED      =        2.5553
 VDWAALS =     2613.5015  EEL     =   -16260.4299  HBOND      =        0.0000
 1-4 VDW =        3.3815  1-4 EEL =       46.0539  RESTRAINT  =        0.0000
 CMAP    =       -0.3855


   NSTEP       ENERGY          RMS            GMAX         NAME    NUMBER
   1600      -1.1409E+04     2.5864E-01     5.6414E+00     CB         11

 BOND    =     2217.7499  ANGLE   =        0.8267  DIHED      =        2.5657
 VDWAALS =     2632.7723  EEL     =   -16311.6521  HBOND      =        0.0000
 1-4 VDW =        3.2702  1-4 EEL =       46.0969  RESTRAINT  =        0.0000
 CMAP    =       -0.6581


   NSTEP       ENERGY          RMS            GMAX         NAME    NUMBER
   1700      -1.1431E+04     1.2706E-01     1.6277E+00     C           5

 BOND    =     2230.4837  ANGLE   =        0.8733  DIHED      =        2.5307
 VDWAALS =     2658.7623  EEL     =   -16372.7376  HBOND      =        0.0000
 1-4 VDW =        3.3305  1-4 EEL =       46.1618  RESTRAINT  =        0.0000
 CMAP    =       -0.6670


   NSTEP       ENERGY          RMS            GMAX         NAME    NUMBER
   1800      -1.1458E+04     4.0846E-01     6.5271E+00     C          15

 BOND    =     2233.8058  ANGLE   =        0.7842  DIHED      =        2.5694
 VDWAALS =     2672.5458  EEL     =   -16416.7167  HBOND      =        0.0000
 1-4 VDW =        3.3243  1-4 EEL =       46.3106  RESTRAINT  =        0.0000
 CMAP    =       -0.6714


   NSTEP       ENERGY          RMS            GMAX         NAME    NUMBER
   1900      -1.1477E+04     4.1763E-01     8.1234E+00     N           7

 BOND    =     2243.9738  ANGLE   =        0.8280  DIHED      =        2.5564
 VDWAALS =     2687.9739  EEL     =   -16461.4295  HBOND      =        0.0000
 1-4 VDW =        3.2854  1-4 EEL =       46.4970  RESTRAINT  =        0.0000
 CMAP    =       -0.6212


   NSTEP       ENERGY          RMS            GMAX         NAME    NUMBER
   2000      -1.1498E+04     1.8942E-01     2.5290E+00     CH3         2

 BOND    =     2254.0978  ANGLE   =        0.8256  DIHED      =        2.5048
 VDWAALS =     2706.2672  EEL     =   -16510.8183  HBOND      =        0.0000
 1-4 VDW =        3.2738  1-4 EEL =       46.3624  RESTRAINT  =        0.0000
 CMAP    =       -0.5626


  Maximum number of minimization cycles reached.


                    FINAL RESULTS



   NSTEP       ENERGY          RMS            GMAX         NAME    NUMBER
   2000      -1.1498E+04     1.8942E-01     2.5290E+00     CH3         2

 BOND    =     2254.0978  ANGLE   =        0.8256  DIHED      =        2.5048
 VDWAALS =     2706.2672  EEL     =   -16510.8183  HBOND      =        0.0000
 1-4 VDW =        3.2738  1-4 EEL =       46.3624  RESTRAINT  =        0.0000
 CMAP    =       -0.5626

--------------------------------------------------------------------------------
   5.  TIMINGS
--------------------------------------------------------------------------------

|    Read coords time           0.00 ( 0.01% of Total)
|                Build the list             0.16 (91.71% of List )
|                Other                      0.01 ( 8.29% of List )
|             List time                  0.18 ( 0.76% of Nonbo)
|                   Short_ene time            18.79 (99.47% of Direc)
|                   Other                      0.10 ( 0.53% of Direc)
|                Direct Ewald time         18.89 (80.89% of Ewald)
|                Adjust Ewald time          0.19 ( 0.82% of Ewald)
|                   Fill Bspline coeffs        0.19 ( 4.67% of Recip)
|                   Fill charge grid           0.57 (13.87% of Recip)
|                   Scalar sum                 1.05 (25.38% of Recip)
|                   Grad sum                   1.04 (25.26% of Recip)
|                   FFT time                   1.27 (30.81% of Recip)
|                   Other                      0.00 ( 0.02% of Recip)
|                Recip Ewald time           4.13 (17.67% of Ewald)
|                Virial junk                0.01 ( 0.03% of Ewald)
|                Other                      0.14 ( 0.59% of Ewald)
|             Ewald time                23.35 (99.24% of Nonbo)
|          Nonbond force             23.53 (99.73% of Force)
|          Bond/Angle/Dihedral        0.06 ( 0.25% of Force)
|          Other                      0.01 ( 0.02% of Force)
|       Force time                23.59 (100.0% of Runmd)
|    Runmd Time                23.59 (97.56% of Total)
|    Other                      0.59 ( 2.44% of Total)
| Total time                24.18 (100.0% of ALL  )

| Number of list builds   :          9

| Highest rstack allocated:     153484
| Highest istack allocated:       2818
|           Job began  at 09:31:52.512  on 10/19/2021
|           Setup done at 09:31:52.529  on 10/19/2021
|           Run   done at 09:32:16.694  on 10/19/2021
|     wallclock() was called   76066 times

|3D-RISM memory allocation summary
|Type          Maximum        Current   
|Integer       0.00000 GB     0.00000 GB
|Real          0.00000 GB     0.00000 GB
|Logical       0.00000 GB     0.00000 GB
|Character     0.00000 GB     0.00000 GB
|---------------------------------------
|Total         0.00000 GB     0.00000 GB
