
          -------------------------------------------------------
          Amber 20 SANDER                              2020
          -------------------------------------------------------

| Run on 10/19/2021 at 09:35:49

|   Executable path: /shared/software/atomistic/amber/20_intel21_serial/bin/sander
| Working directory: /gpfs20/scratch/krb0073/AMBER
|          Hostname: trcis001.hpc.wvu.edu

  [-O]verwriting output

File Assignments:
|  MDIN: 02_Heat.in                                                            
| MDOUT: 02_Heat.out                                                           
|INPCRD: 01_Min.ncrst                                                          
|  PARM: parm7                                                                 
|RESTRT: 02_Heat.ncrst                                                         
|  REFC: refc                                                                  
| MDVEL: mdvel                                                                 
| MDFRC: mdfrc                                                                 
|  MDEN: mden                                                                  
| MDCRD: 02_Heat.nc                                                            
|MDINFO: 02_Heat.mdinfo                                                        
|  MTMD: mtmd                                                                  
|INPDIP: inpdip                                                                
|RSTDIP: rstdip                                                                
|INPTRA: inptraj                                                               

 
 Here is the input file:
 
Heat                                                                           
 &cntrl                                                                        
  imin=0,                                                                      
  ntx=1,                                                                       
  irest=0,                                                                     
  nstlim=10000,                                                                
  dt=0.002,                                                                    
  ntf=2,                                                                       
  ntc=2,                                                                       
  tempi=0.0,                                                                   
  temp0=300.0,                                                                 
  ntpr=100,                                                                    
  ntwx=100,                                                                    
  cut=8.0,                                                                     
  ntb=1,                                                                       
  ntp=0,                                                                       
  ntt=3,                                                                       
  gamma_ln=2.0,                                                                
  nmropt=1,                                                                    
  ig=-1,                                                                       
 /                                                                             
&wt type='TEMP0', istep1=0, istep2=9000, value1=0.0, value2=300.0 /            
&wt type='TEMP0', istep1=9001, istep2=10000, value1=300.0, value2=300.0 /      
&wt type='END' /                                                               
                                                                               

--------------------------------------------------------------------------------
   1.  RESOURCE   USE: 
--------------------------------------------------------------------------------

| Flags:                                                                        
 getting box info from netcdf restart file
| NetCDF restart box info found
|Largest sphere to fit in unit cell has radius =    13.132
| New format PARM file being parsed.
| Version =    1.000 Date = 10/19/21 Time = 09:16:51
 NATOM  =    2818 NTYPES =      10 NBONH =    2109 MBONA  =     708
 NTHETH =      25 MTHETA =      11 NPHIH =      43 MPHIA  =      24
 NHPARM =       0 NPARM  =       0 NNB   =    4992 NRES   =     702
 NBONA  =     708 NTHETA =      11 NPHIA =      24 NUMBND =      14
 NUMANG =      21 NPTRA  =      14 NATYP =      11 NPHB   =       1
 IFBOX  =       2 NMXRS  =      10 IFCAP =       0 NEXTRA =     699
 NCOPY  =       0

| CMAP information read from topology file: 

|     Memory Use     Allocated
|     Real              776967
|     Hollerith           9158
|     Integer            99441
|     Max Pairs        1127200
|     nblistReal         33816
|     nblist Int         98259
|       Total            11545 kbytes

| Note: 1-4 EEL scale factors are being read from the topology file.

| Note: 1-4 VDW scale factors are being read from the topology file.
| Duplicated    0 dihedrals
| Duplicated    0 dihedrals
|CMAP: Reticulating splines.

     BOX TYPE: TRUNCATED OCTAHEDRON
Note: ig = -1. Setting random seed to   225787 based on wallclock time in microseconds.

--------------------------------------------------------------------------------
   2.  CONTROL  DATA  FOR  THE  RUN
--------------------------------------------------------------------------------

ACE                                                                             

General flags:
     imin    =       0, nmropt  =       1

Nature and format of input:
     ntx     =       1, irest   =       0, ntrx    =       1

Nature and format of output:
     ntxo    =       2, ntpr    =     100, ntrx    =       1, ntwr    =   10000
     iwrap   =       0, ntwx    =     100, ntwv    =       0, ntwe    =       0
     ioutfm  =       1, ntwprt  =       0, idecomp =       0, rbornstat=      0

Potential function:
     ntf     =       2, ntb     =       1, igb     =       0, nsnb    =      25
     ipol    =       0, gbsa    =       0, iesp    =       0
     dielc   =   1.00000, cut     =   8.00000, intdiel =   1.00000

Frozen or restrained atoms:
     ibelly  =       0, ntr     =       0

Molecular dynamics:
     nstlim  =     10000, nscm    =      1000, nrespa  =         1
     t       =   0.00000, dt      =   0.00200, vlimit  =  20.00000

Langevin dynamics temperature regulation:
     ig      =  225787
     temp0   = 300.00000, tempi   =   0.00000, gamma_ln=   2.00000

SHAKE:
     ntc     =       2, jfastw  =       0
     tol     =   0.00001

NMR refinement options:
     iscale  =       0, noeskp  =       1, ipnlty  =       1, mxsub   =       1
     scalm   = 100.00000, pencut  =   0.10000, tausw   =   0.10000

Extra-points options:
     frameon =       1, chngmask=       1

Ewald parameters:
     verbose =       0, ew_type =       0, nbflag  =       1, use_pme =       1
     vdwmeth =       1, eedmeth =       1, netfrc  =       1
     Box X =   32.168   Box Y =   32.168   Box Z =   32.168
     Alpha =  109.471   Beta  =  109.471   Gamma =  109.471
     NFFT1 =   32       NFFT2 =   32       NFFT3 =   32
     Cutoff=    8.000   Tol   =0.100E-04
     Ewald Coefficient =  0.34864
     Interpolation order =    4
|      EXTRA_PTS, trim_bonds: num bonds BEFORE trim =  2109     0
|      EXTRA_PTS, trim_bonds: num bonds AFTER  trim =  2109     0
|      EXTRA_PTS, trim_bonds: num bonds BEFORE trim =   708     0
|      EXTRA_PTS, trim_bonds: num bonds AFTER  trim =     9     0
|      EXTRA_PTS, trim_theta: num angle BEFORE trim =    25     0
|      EXTRA_PTS, trim_theta: num angle AFTER  trim =    25     0
|      EXTRA_PTS, trim_theta: num angle BEFORE trim =    11     0
|      EXTRA_PTS, trim_theta: num angle AFTER  trim =    11     0
|      EXTRA_PTS, trim_phi:  num diheds BEFORE trim =    43     0
|      EXTRA_PTS, trim_phi:  num diheds AFTER  trim =    43     0
|      EXTRA_PTS, trim_phi:  num diheds BEFORE trim =    24     0
|      EXTRA_PTS, trim_phi:  num diheds AFTER  trim =    24     0
|  INFO: Old style inpcrd file read


--------------------------------------------------------------------------------
   3.  ATOMIC COORDINATES AND VELOCITIES
--------------------------------------------------------------------------------

ACE                                                                             
 begin time read from input coords =     0.000 ps



           Begin reading energy term weight changes/NMR restraints
 WEIGHT CHANGES:
 TEMP0         0   9000    0.000000  300.000000      0      0
 TEMP0      9001  10000  300.000000  300.000000      0      0

 RESTRAINTS:
                          ** No restraint defined **

                  Done reading weight changes/NMR restraints


 Number of triangulated 3-point waters found:      699

     Sum of charges from parm topology file =   0.00000384
     Forcing neutrality...

--------------------------------------------------------------------------------
   4.  RESULTS
--------------------------------------------------------------------------------

|  # of SOLUTE  degrees of freedom (RNDFP):    6345.
|  # of SOLVENT degrees of freedom (RNDFS):       0.
|  NDFMIN =    6345.     NUM_NOSHAKE =      0     CORRECTED RNDFP =    6345.
|  TOTAL # of degrees of freedom (RNDF) =    6345.
 ---------------------------------------------------
 APPROXIMATING switch and d/dx switch using CUBIC SPLINE INTERPOLATION
 using   5000.0 points per unit in tabled values
 TESTING RELATIVE ERROR over r ranging from 0.0 to cutoff
| CHECK switch(x): max rel err =   0.3316E-14   at   2.351880
| CHECK d/dx switch(x): max rel err =   0.8336E-11   at   2.782960
 ---------------------------------------------------
| Local SIZE OF NONBOND LIST =     648817
| TOTAL SIZE OF NONBOND LIST =     648817

 NSTEP =        0   TIME(PS) =       0.000  TEMP(K) =     0.00  PRESS =     0.0
 Etot   =    -13751.5982  EKtot   =         0.0000  EPtot      =    -13751.5982
 BOND   =         0.5488  ANGLE   =         0.8256  DIHED      =         2.5048
 1-4 NB =         3.2738  1-4 EEL =        46.3624  VDWAALS    =      2706.2672
 EELEC  =    -16510.8183  EHBOND  =         0.0000  RESTRAINT  =         0.0000
 CMAP   =        -0.5626
 Ewald error estimate:   0.7064E-03
 ------------------------------------------------------------------------------

 NMR restraints: Bond =    0.000   Angle =     0.000   Torsion =     0.000
===============================================================================

 NSTEP =      100   TIME(PS) =       0.200  TEMP(K) =    27.70  PRESS =     0.0
 Etot   =     -9411.7587  EKtot   =       116.9077  EPtot      =     -9528.6664
 BOND   =         0.4270  ANGLE   =         0.6090  DIHED      =         2.5508
 1-4 NB =         3.2477  1-4 EEL =        46.9552  VDWAALS    =      1354.6285
 EELEC  =    -10936.6758  EHBOND  =         0.0000  RESTRAINT  =         0.0000
 CMAP   =        -0.4088
 Ewald error estimate:   0.1355E-03
 ------------------------------------------------------------------------------

 NMR restraints: Bond =    0.000   Angle =     0.000   Torsion =     0.000
===============================================================================

 NSTEP =      200   TIME(PS) =       0.400  TEMP(K) =    27.92  PRESS =     0.0
 Etot   =     -9495.5857  EKtot   =       117.8655  EPtot      =     -9613.4512
 BOND   =         0.4704  ANGLE   =         0.8622  DIHED      =         2.6580
 1-4 NB =         2.7365  1-4 EEL =        45.8683  VDWAALS    =      1596.9784
 EELEC  =    -11262.7379  EHBOND  =         0.0000  RESTRAINT  =         0.0000
 CMAP   =        -0.2869
 Ewald error estimate:   0.3786E-03
 ------------------------------------------------------------------------------

 NMR restraints: Bond =    0.000   Angle =     0.000   Torsion =     0.000
===============================================================================

 NSTEP =      300   TIME(PS) =       0.600  TEMP(K) =    25.82  PRESS =     0.0
 Etot   =     -9552.8256  EKtot   =       108.9804  EPtot      =     -9661.8060
 BOND   =         0.5001  ANGLE   =         0.7584  DIHED      =         2.6536
 1-4 NB =         2.8827  1-4 EEL =        46.3279  VDWAALS    =      1553.1156
 EELEC  =    -11267.5783  EHBOND  =         0.0000  RESTRAINT  =         0.0000
 CMAP   =        -0.4660
 Ewald error estimate:   0.1161E-03
 ------------------------------------------------------------------------------

 NMR restraints: Bond =    0.000   Angle =     0.000   Torsion =     0.000
===============================================================================

 NSTEP =      400   TIME(PS) =       0.800  TEMP(K) =    25.82  PRESS =     0.0
 Etot   =     -9596.8629  EKtot   =       108.9964  EPtot      =     -9705.8593
 BOND   =         0.2209  ANGLE   =         1.0113  DIHED      =         2.6973
 1-4 NB =         3.1120  1-4 EEL =        46.5284  VDWAALS    =      1574.3484
 EELEC  =    -11333.3699  EHBOND  =         0.0000  RESTRAINT  =         0.0000
 CMAP   =        -0.4077
 Ewald error estimate:   0.5297E-03
 ------------------------------------------------------------------------------

 NMR restraints: Bond =    0.000   Angle =     0.000   Torsion =     0.000
===============================================================================

 NSTEP =      500   TIME(PS) =       1.000  TEMP(K) =    23.72  PRESS =     0.0
 Etot   =     -9630.5579  EKtot   =       100.1252  EPtot      =     -9730.6832
 BOND   =         0.5217  ANGLE   =         1.2229  DIHED      =         2.9113
 1-4 NB =         2.9696  1-4 EEL =        46.0624  VDWAALS    =      1567.0653
 EELEC  =    -11350.8247  EHBOND  =         0.0000  RESTRAINT  =         0.0000
 CMAP   =        -0.6117
 Ewald error estimate:   0.3763E-03
 ------------------------------------------------------------------------------

 NMR restraints: Bond =    0.000   Angle =     0.000   Torsion =     0.000
===============================================================================

 NSTEP =      600   TIME(PS) =       1.200  TEMP(K) =    22.64  PRESS =     0.0
 Etot   =     -9648.2815  EKtot   =        95.5516  EPtot      =     -9743.8332
 BOND   =         1.1306  ANGLE   =         2.0167  DIHED      =         2.6136
 1-4 NB =         2.7361  1-4 EEL =        45.3912  VDWAALS    =      1613.4192
 EELEC  =    -11410.5716  EHBOND  =         0.0000  RESTRAINT  =         0.0000
 CMAP   =        -0.5690
 Ewald error estimate:   0.1291E-03
 ------------------------------------------------------------------------------

 NMR restraints: Bond =    0.000   Angle =     0.000   Torsion =     0.000
===============================================================================

 NSTEP =      700   TIME(PS) =       1.400  TEMP(K) =    24.91  PRESS =     0.0
 Etot   =     -9653.0727  EKtot   =       105.1610  EPtot      =     -9758.2336
 BOND   =         0.7722  ANGLE   =         1.1240  DIHED      =         2.8258
 1-4 NB =         3.0419  1-4 EEL =        46.5553  VDWAALS    =      1595.2561
 EELEC  =    -11407.4388  EHBOND  =         0.0000  RESTRAINT  =         0.0000
 CMAP   =        -0.3701
 Ewald error estimate:   0.9884E-03
 ------------------------------------------------------------------------------

 NMR restraints: Bond =    0.000   Angle =     0.000   Torsion =     0.000
===============================================================================

 NSTEP =      800   TIME(PS) =       1.600  TEMP(K) =    26.43  PRESS =     0.0
 Etot   =     -9655.7499  EKtot   =       111.5512  EPtot      =     -9767.3011
 BOND   =         0.7230  ANGLE   =         1.2368  DIHED      =         2.7606
 1-4 NB =         2.8727  1-4 EEL =        45.9316  VDWAALS    =      1597.3128
 EELEC  =    -11417.6802  EHBOND  =         0.0000  RESTRAINT  =         0.0000
 CMAP   =        -0.4585
 Ewald error estimate:   0.1275E-03
 ------------------------------------------------------------------------------

 NMR restraints: Bond =    0.000   Angle =     0.000   Torsion =     0.000
===============================================================================

 NSTEP =      900   TIME(PS) =       1.800  TEMP(K) =    26.89  PRESS =     0.0
 Etot   =     -9656.3772  EKtot   =       113.5084  EPtot      =     -9769.8856
 BOND   =         0.6194  ANGLE   =         1.7233  DIHED      =         2.7741
 1-4 NB =         2.9102  1-4 EEL =        45.1955  VDWAALS    =      1623.4662
 EELEC  =    -11446.0598  EHBOND  =         0.0000  RESTRAINT  =         0.0000
 CMAP   =        -0.5146
 Ewald error estimate:   0.5410E-03
 ------------------------------------------------------------------------------

 NMR restraints: Bond =    0.000   Angle =     0.000   Torsion =     0.000
===============================================================================

 NSTEP =     1000   TIME(PS) =       2.000  TEMP(K) =    29.31  PRESS =     0.0
 Etot   =     -9647.4472  EKtot   =       123.7241  EPtot      =     -9771.1713
 BOND   =         0.9191  ANGLE   =         1.2185  DIHED      =         2.7384
 1-4 NB =         2.8158  1-4 EEL =        46.1872  VDWAALS    =      1591.8883
 EELEC  =    -11416.5813  EHBOND  =         0.0000  RESTRAINT  =         0.0000
 CMAP   =        -0.3572
 Ewald error estimate:   0.8888E-03
 ------------------------------------------------------------------------------

 NMR restraints: Bond =    0.000   Angle =     0.000   Torsion =     0.000
===============================================================================

 NSTEP =     1100   TIME(PS) =       2.200  TEMP(K) =    31.63  PRESS =     0.0
 Etot   =     -9634.6845  EKtot   =       133.5125  EPtot      =     -9768.1969
 BOND   =         0.8338  ANGLE   =         2.0024  DIHED      =         3.0677
 1-4 NB =         3.0458  1-4 EEL =        46.0374  VDWAALS    =      1584.1484
 EELEC  =    -11406.8527  EHBOND  =         0.0000  RESTRAINT  =         0.0000
 CMAP   =        -0.4797
 Ewald error estimate:   0.8201E-03
 ------------------------------------------------------------------------------

 NMR restraints: Bond =    0.000   Angle =     0.000   Torsion =     0.000
===============================================================================

 NSTEP =     1200   TIME(PS) =       2.400  TEMP(K) =    33.67  PRESS =     0.0
 Etot   =     -9619.0119  EKtot   =       142.1141  EPtot      =     -9761.1260
 BOND   =         0.6665  ANGLE   =         2.7261  DIHED      =         2.7949
 1-4 NB =         2.5057  1-4 EEL =        44.9545  VDWAALS    =      1579.2895
 EELEC  =    -11393.6231  EHBOND  =         0.0000  RESTRAINT  =         0.0000
 CMAP   =        -0.4401
 Ewald error estimate:   0.1482E-02
 ------------------------------------------------------------------------------

 NMR restraints: Bond =    0.000   Angle =     0.000   Torsion =     0.000
===============================================================================

 NSTEP =     1300   TIME(PS) =       2.600  TEMP(K) =    38.03  PRESS =     0.0
 Etot   =     -9594.6251  EKtot   =       160.5146  EPtot      =     -9755.1397
 BOND   =         0.6991  ANGLE   =         1.4522  DIHED      =         3.0904
 1-4 NB =         3.1622  1-4 EEL =        46.6501  VDWAALS    =      1590.9033
 EELEC  =    -11400.5287  EHBOND  =         0.0000  RESTRAINT  =         0.0000
 CMAP   =        -0.5683
 Ewald error estimate:   0.1131E-02
 ------------------------------------------------------------------------------

 NMR restraints: Bond =    0.000   Angle =     0.000   Torsion =     0.000
===============================================================================

 NSTEP =     1400   TIME(PS) =       2.800  TEMP(K) =    40.71  PRESS =     0.0
 Etot   =     -9573.6805  EKtot   =       171.8216  EPtot      =     -9745.5021
 BOND   =         0.6172  ANGLE   =         2.1715  DIHED      =         2.9995
 1-4 NB =         2.9307  1-4 EEL =        46.9202  VDWAALS    =      1589.5032
 EELEC  =    -11390.2276  EHBOND  =         0.0000  RESTRAINT  =         0.0000
 CMAP   =        -0.4169
 Ewald error estimate:   0.1129E-03
 ------------------------------------------------------------------------------

 NMR restraints: Bond =    0.000   Angle =     0.000   Torsion =     0.000
===============================================================================

 NSTEP =     1500   TIME(PS) =       3.000  TEMP(K) =    42.61  PRESS =     0.0
 Etot   =     -9558.7298  EKtot   =       179.8523  EPtot      =     -9738.5821
 BOND   =         0.5287  ANGLE   =         2.1833  DIHED      =         2.9064
 1-4 NB =         2.9154  1-4 EEL =        46.5257  VDWAALS    =      1570.9279
 EELEC  =    -11364.0723  EHBOND  =         0.0000  RESTRAINT  =         0.0000
 CMAP   =        -0.4972
 Ewald error estimate:   0.7626E-03
 ------------------------------------------------------------------------------

 NMR restraints: Bond =    0.000   Angle =     0.000   Torsion =     0.000
===============================================================================

 NSTEP =     1600   TIME(PS) =       3.200  TEMP(K) =    45.35  PRESS =     0.0
 Etot   =     -9540.5356  EKtot   =       191.3983  EPtot      =     -9731.9339
 BOND   =         1.4194  ANGLE   =         1.5298  DIHED      =         3.0085
 1-4 NB =         2.8727  1-4 EEL =        47.1276  VDWAALS    =      1616.9495
 EELEC  =    -11404.3200  EHBOND  =         0.0000  RESTRAINT  =         0.0000
 CMAP   =        -0.5214
 Ewald error estimate:   0.2954E-03
 ------------------------------------------------------------------------------

 NMR restraints: Bond =    0.000   Angle =     0.000   Torsion =     0.000
===============================================================================

 NSTEP =     1700   TIME(PS) =       3.400  TEMP(K) =    48.53  PRESS =     0.0
 Etot   =     -9511.7564  EKtot   =       204.8267  EPtot      =     -9716.5831
 BOND   =         0.8566  ANGLE   =         1.9622  DIHED      =         3.3011
 1-4 NB =         3.2923  1-4 EEL =        44.9835  VDWAALS    =      1580.8268
 EELEC  =    -11351.2294  EHBOND  =         0.0000  RESTRAINT  =         0.0000
 CMAP   =        -0.5762
 Ewald error estimate:   0.1421E-03
 ------------------------------------------------------------------------------

 NMR restraints: Bond =    0.000   Angle =     0.000   Torsion =     0.000
===============================================================================

 NSTEP =     1800   TIME(PS) =       3.600  TEMP(K) =    52.05  PRESS =     0.0
 Etot   =     -9482.1595  EKtot   =       219.6892  EPtot      =     -9701.8488
 BOND   =         1.1229  ANGLE   =         2.1654  DIHED      =         3.2421
 1-4 NB =         2.7851  1-4 EEL =        45.0361  VDWAALS    =      1579.2190
 EELEC  =    -11334.8765  EHBOND  =         0.0000  RESTRAINT  =         0.0000
 CMAP   =        -0.5428
 Ewald error estimate:   0.8620E-03
 ------------------------------------------------------------------------------

 NMR restraints: Bond =    0.000   Angle =     0.000   Torsion =     0.000
===============================================================================

 NSTEP =     1900   TIME(PS) =       3.800  TEMP(K) =    56.70  PRESS =     0.0
 Etot   =     -9458.9143  EKtot   =       239.3349  EPtot      =     -9698.2492
 BOND   =         1.5228  ANGLE   =         2.1315  DIHED      =         2.8389
 1-4 NB =         3.3149  1-4 EEL =        47.0748  VDWAALS    =      1601.0514
 EELEC  =    -11355.7306  EHBOND  =         0.0000  RESTRAINT  =         0.0000
 CMAP   =        -0.4528
 Ewald error estimate:   0.4203E-03
 ------------------------------------------------------------------------------

 NMR restraints: Bond =    0.000   Angle =     0.000   Torsion =     0.000
===============================================================================

 NSTEP =     2000   TIME(PS) =       4.000  TEMP(K) =    58.00  PRESS =     0.0
 Etot   =     -9429.0874  EKtot   =       244.7916  EPtot      =     -9673.8789
 BOND   =         1.0679  ANGLE   =         2.5615  DIHED      =         2.6411
 1-4 NB =         2.9588  1-4 EEL =        46.1135  VDWAALS    =      1608.0934
 EELEC  =    -11336.8283  EHBOND  =         0.0000  RESTRAINT  =         0.0000
 CMAP   =        -0.4869
 Ewald error estimate:   0.2669E-04
 ------------------------------------------------------------------------------

 NMR restraints: Bond =    0.000   Angle =     0.000   Torsion =     0.000
===============================================================================

 NSTEP =     2100   TIME(PS) =       4.200  TEMP(K) =    62.87  PRESS =     0.0
 Etot   =     -9385.7356  EKtot   =       265.3581  EPtot      =     -9651.0937
 BOND   =         1.2846  ANGLE   =         2.5168  DIHED      =         2.8865
 1-4 NB =         3.0401  1-4 EEL =        44.9665  VDWAALS    =      1583.0622
 EELEC  =    -11288.3168  EHBOND  =         0.0000  RESTRAINT  =         0.0000
 CMAP   =        -0.5336
 Ewald error estimate:   0.2349E-03
 ------------------------------------------------------------------------------

 NMR restraints: Bond =    0.000   Angle =     0.000   Torsion =     0.000
===============================================================================

 NSTEP =     2200   TIME(PS) =       4.400  TEMP(K) =    65.93  PRESS =     0.0
 Etot   =     -9359.9578  EKtot   =       278.2960  EPtot      =     -9638.2538
 BOND   =         2.3570  ANGLE   =         2.8202  DIHED      =         2.9572
 1-4 NB =         2.4835  1-4 EEL =        44.1183  VDWAALS    =      1588.7912
 EELEC  =    -11281.3071  EHBOND  =         0.0000  RESTRAINT  =         0.0000
 CMAP   =        -0.4740
 Ewald error estimate:   0.2050E-03
 ------------------------------------------------------------------------------

 NMR restraints: Bond =    0.000   Angle =     0.000   Torsion =     0.000
===============================================================================

 NSTEP =     2300   TIME(PS) =       4.600  TEMP(K) =    66.57  PRESS =     0.0
 Etot   =     -9350.6573  EKtot   =       280.9714  EPtot      =     -9631.6287
 BOND   =         1.6137  ANGLE   =         2.0920  DIHED      =         2.8252
 1-4 NB =         3.1480  1-4 EEL =        45.5214  VDWAALS    =      1602.2540
 EELEC  =    -11288.5301  EHBOND  =         0.0000  RESTRAINT  =         0.0000
 CMAP   =        -0.5529
 Ewald error estimate:   0.1444E-03
 ------------------------------------------------------------------------------

 NMR restraints: Bond =    0.000   Angle =     0.000   Torsion =     0.000
===============================================================================

 NSTEP =     2400   TIME(PS) =       4.800  TEMP(K) =    70.89  PRESS =     0.0
 Etot   =     -9325.8814  EKtot   =       299.2084  EPtot      =     -9625.0898
 BOND   =         1.4363  ANGLE   =         2.0253  DIHED      =         3.0642
 1-4 NB =         3.0389  1-4 EEL =        45.1140  VDWAALS    =      1602.0634
 EELEC  =    -11281.2747  EHBOND  =         0.0000  RESTRAINT  =         0.0000
 CMAP   =        -0.5573
 Ewald error estimate:   0.2271E-03
 ------------------------------------------------------------------------------

 NMR restraints: Bond =    0.000   Angle =     0.000   Torsion =     0.000
===============================================================================

 NSTEP =     2500   TIME(PS) =       5.000  TEMP(K) =    76.46  PRESS =     0.0
 Etot   =     -9295.6901  EKtot   =       322.7125  EPtot      =     -9618.4026
 BOND   =         1.0626  ANGLE   =         2.7190  DIHED      =         3.6034
 1-4 NB =         3.5119  1-4 EEL =        45.1814  VDWAALS    =      1570.1335
 EELEC  =    -11244.1250  EHBOND  =         0.0000  RESTRAINT  =         0.0000
 CMAP   =        -0.4893
 Ewald error estimate:   0.7922E-04
 ------------------------------------------------------------------------------

 NMR restraints: Bond =    0.000   Angle =     0.000   Torsion =     0.000
===============================================================================

 NSTEP =     2600   TIME(PS) =       5.200  TEMP(K) =    79.88  PRESS =     0.0
 Etot   =     -9263.9887  EKtot   =       337.1716  EPtot      =     -9601.1603
 BOND   =         0.6047  ANGLE   =         2.9571  DIHED      =         3.0473
 1-4 NB =         3.5420  1-4 EEL =        47.6265  VDWAALS    =      1605.6787
 EELEC  =    -11264.1480  EHBOND  =         0.0000  RESTRAINT  =         0.0000
 CMAP   =        -0.4687
 Ewald error estimate:   0.2821E-03
 ------------------------------------------------------------------------------

 NMR restraints: Bond =    0.000   Angle =     0.000   Torsion =     0.000
===============================================================================

 NSTEP =     2700   TIME(PS) =       5.400  TEMP(K) =    82.69  PRESS =     0.0
 Etot   =     -9244.2527  EKtot   =       348.9997  EPtot      =     -9593.2525
 BOND   =         0.5356  ANGLE   =         2.5620  DIHED      =         3.9809
 1-4 NB =         3.1571  1-4 EEL =        46.3829  VDWAALS    =      1609.3799
 EELEC  =    -11258.7244  EHBOND  =         0.0000  RESTRAINT  =         0.0000
 CMAP   =        -0.5265
 Ewald error estimate:   0.4604E-04
 ------------------------------------------------------------------------------

 NMR restraints: Bond =    0.000   Angle =     0.000   Torsion =     0.000
===============================================================================

 NSTEP =     2800   TIME(PS) =       5.600  TEMP(K) =    83.48  PRESS =     0.0
 Etot   =     -9225.4510  EKtot   =       352.3695  EPtot      =     -9577.8205
 BOND   =         0.8987  ANGLE   =         3.4905  DIHED      =         3.1732
 1-4 NB =         3.2243  1-4 EEL =        46.0201  VDWAALS    =      1551.7267
 EELEC  =    -11185.7916  EHBOND  =         0.0000  RESTRAINT  =         0.0000
 CMAP   =        -0.5624
 Ewald error estimate:   0.2727E-03
 ------------------------------------------------------------------------------

 NMR restraints: Bond =    0.000   Angle =     0.000   Torsion =     0.000
===============================================================================

 NSTEP =     2900   TIME(PS) =       5.800  TEMP(K) =    88.06  PRESS =     0.0
 Etot   =     -9205.5128  EKtot   =       371.6690  EPtot      =     -9577.1818
 BOND   =         1.6467  ANGLE   =         3.3010  DIHED      =         3.7320
 1-4 NB =         2.9960  1-4 EEL =        46.7376  VDWAALS    =      1580.2155
 EELEC  =    -11215.3461  EHBOND  =         0.0000  RESTRAINT  =         0.0000
 CMAP   =        -0.4645
 Ewald error estimate:   0.1171E-03
 ------------------------------------------------------------------------------

 NMR restraints: Bond =    0.000   Angle =     0.000   Torsion =     0.000
===============================================================================

 NSTEP =     3000   TIME(PS) =       6.000  TEMP(K) =    94.83  PRESS =     0.0
 Etot   =     -9159.6761  EKtot   =       400.2743  EPtot      =     -9559.9504
 BOND   =         2.4565  ANGLE   =         2.4297  DIHED      =         3.0118
 1-4 NB =         3.1440  1-4 EEL =        45.3220  VDWAALS    =      1572.5675
 EELEC  =    -11188.3704  EHBOND  =         0.0000  RESTRAINT  =         0.0000
 CMAP   =        -0.5114
 Ewald error estimate:   0.2994E-04
 ------------------------------------------------------------------------------

 NMR restraints: Bond =    0.000   Angle =     0.000   Torsion =     0.000
===============================================================================

 NSTEP =     3100   TIME(PS) =       6.200  TEMP(K) =    98.22  PRESS =     0.0
 Etot   =     -9122.1235  EKtot   =       414.5498  EPtot      =     -9536.6733
 BOND   =         1.7063  ANGLE   =         3.4744  DIHED      =         3.6458
 1-4 NB =         3.3061  1-4 EEL =        47.2266  VDWAALS    =      1573.1327
 EELEC  =    -11168.6102  EHBOND  =         0.0000  RESTRAINT  =         0.0000
 CMAP   =        -0.5551
 Ewald error estimate:   0.3480E-03
 ------------------------------------------------------------------------------

 NMR restraints: Bond =    0.000   Angle =     0.000   Torsion =     0.000
===============================================================================

 NSTEP =     3200   TIME(PS) =       6.400  TEMP(K) =   104.10  PRESS =     0.0
 Etot   =     -9079.6722  EKtot   =       439.3826  EPtot      =     -9519.0548
 BOND   =         1.7228  ANGLE   =         3.6313  DIHED      =         2.7429
 1-4 NB =         4.3400  1-4 EEL =        48.0047  VDWAALS    =      1582.1109
 EELEC  =    -11161.0963  EHBOND  =         0.0000  RESTRAINT  =         0.0000
 CMAP   =        -0.5111
 Ewald error estimate:   0.4430E-03
 ------------------------------------------------------------------------------

 NMR restraints: Bond =    0.000   Angle =     0.000   Torsion =     0.000
===============================================================================

 NSTEP =     3300   TIME(PS) =       6.600  TEMP(K) =   106.81  PRESS =     0.0
 Etot   =     -9081.3290  EKtot   =       450.8283  EPtot      =     -9532.1573
 BOND   =         1.9818  ANGLE   =         2.5006  DIHED      =         3.7214
 1-4 NB =         3.2251  1-4 EEL =        45.4650  VDWAALS    =      1557.8276
 EELEC  =    -11146.3272  EHBOND  =         0.0000  RESTRAINT  =         0.0000
 CMAP   =        -0.5517
 Ewald error estimate:   0.1182E-03
 ------------------------------------------------------------------------------

 NMR restraints: Bond =    0.000   Angle =     0.000   Torsion =     0.000
===============================================================================

 NSTEP =     3400   TIME(PS) =       6.800  TEMP(K) =   105.80  PRESS =     0.0
 Etot   =     -9067.4981  EKtot   =       446.5680  EPtot      =     -9514.0661
 BOND   =         1.5707  ANGLE   =         4.4814  DIHED      =         3.1953
 1-4 NB =         2.8819  1-4 EEL =        45.5146  VDWAALS    =      1597.4594
 EELEC  =    -11168.6132  EHBOND  =         0.0000  RESTRAINT  =         0.0000
 CMAP   =        -0.5563
 Ewald error estimate:   0.6812E-03
 ------------------------------------------------------------------------------

 NMR restraints: Bond =    0.000   Angle =     0.000   Torsion =     0.000
===============================================================================

 NSTEP =     3500   TIME(PS) =       7.000  TEMP(K) =   107.50  PRESS =     0.0
 Etot   =     -9042.3199  EKtot   =       453.7518  EPtot      =     -9496.0717
 BOND   =         1.7203  ANGLE   =         5.0896  DIHED      =         4.1471
 1-4 NB =         3.1627  1-4 EEL =        44.9076  VDWAALS    =      1595.9722
 EELEC  =    -11150.7146  EHBOND  =         0.0000  RESTRAINT  =         0.0000
 CMAP   =        -0.3567
 Ewald error estimate:   0.3302E-03
 ------------------------------------------------------------------------------

 NMR restraints: Bond =    0.000   Angle =     0.000   Torsion =     0.000
===============================================================================

 NSTEP =     3600   TIME(PS) =       7.200  TEMP(K) =   117.55  PRESS =     0.0
 Etot   =     -8994.8763  EKtot   =       496.1378  EPtot      =     -9491.0141
 BOND   =         1.0061  ANGLE   =         3.8809  DIHED      =         3.3580
 1-4 NB =         3.4949  1-4 EEL =        45.7690  VDWAALS    =      1558.0324
 EELEC  =    -11105.9974  EHBOND  =         0.0000  RESTRAINT  =         0.0000
 CMAP   =        -0.5579
 Ewald error estimate:   0.8341E-03
 ------------------------------------------------------------------------------

 NMR restraints: Bond =    0.000   Angle =     0.000   Torsion =     0.000
===============================================================================

 NSTEP =     3700   TIME(PS) =       7.400  TEMP(K) =   118.16  PRESS =     0.0
 Etot   =     -8970.2664  EKtot   =       498.7356  EPtot      =     -9469.0020
 BOND   =         0.6644  ANGLE   =         3.1116  DIHED      =         3.8896
 1-4 NB =         3.1494  1-4 EEL =        47.7365  VDWAALS    =      1556.4558
 EELEC  =    -11083.7487  EHBOND  =         0.0000  RESTRAINT  =         0.0000
 CMAP   =        -0.2608
 Ewald error estimate:   0.1631E-03
 ------------------------------------------------------------------------------

 NMR restraints: Bond =    0.000   Angle =     0.000   Torsion =     0.000
===============================================================================

 NSTEP =     3800   TIME(PS) =       7.600  TEMP(K) =   120.91  PRESS =     0.0
 Etot   =     -8959.9954  EKtot   =       510.3340  EPtot      =     -9470.3293
 BOND   =         1.6738  ANGLE   =         4.5999  DIHED      =         3.5112
 1-4 NB =         2.9054  1-4 EEL =        44.2974  VDWAALS    =      1561.0883
 EELEC  =    -11088.1583  EHBOND  =         0.0000  RESTRAINT  =         0.0000
 CMAP   =        -0.2470
 Ewald error estimate:   0.6603E-03
 ------------------------------------------------------------------------------

 NMR restraints: Bond =    0.000   Angle =     0.000   Torsion =     0.000
===============================================================================

 NSTEP =     3900   TIME(PS) =       7.800  TEMP(K) =   125.09  PRESS =     0.0
 Etot   =     -8935.2351  EKtot   =       527.9898  EPtot      =     -9463.2249
 BOND   =         2.9036  ANGLE   =         4.4830  DIHED      =         3.6210
 1-4 NB =         2.4232  1-4 EEL =        45.6191  VDWAALS    =      1571.5813
 EELEC  =    -11093.2727  EHBOND  =         0.0000  RESTRAINT  =         0.0000
 CMAP   =        -0.5833
 Ewald error estimate:   0.4847E-03
 ------------------------------------------------------------------------------

 NMR restraints: Bond =    0.000   Angle =     0.000   Torsion =     0.000
===============================================================================

 NSTEP =     4000   TIME(PS) =       8.000  TEMP(K) =   127.18  PRESS =     0.0
 Etot   =     -8915.8372  EKtot   =       536.7977  EPtot      =     -9452.6349
 BOND   =         2.9452  ANGLE   =         3.0662  DIHED      =         4.5254
 1-4 NB =         3.1643  1-4 EEL =        45.5326  VDWAALS    =      1622.3024
 EELEC  =    -11133.6717  EHBOND  =         0.0000  RESTRAINT  =         0.0000
 CMAP   =        -0.4994
 Ewald error estimate:   0.4382E-03
 ------------------------------------------------------------------------------

 NMR restraints: Bond =    0.000   Angle =     0.000   Torsion =     0.000
===============================================================================

 NSTEP =     4100   TIME(PS) =       8.200  TEMP(K) =   130.04  PRESS =     0.0
 Etot   =     -8900.2938  EKtot   =       548.8593  EPtot      =     -9449.1530
 BOND   =         0.6916  ANGLE   =         6.5103  DIHED      =         6.3805
 1-4 NB =         2.7546  1-4 EEL =        45.0077  VDWAALS    =      1572.3221
 EELEC  =    -11082.3039  EHBOND  =         0.0000  RESTRAINT  =         0.0000
 CMAP   =        -0.5158
 Ewald error estimate:   0.1244E-03
 ------------------------------------------------------------------------------

 NMR restraints: Bond =    0.000   Angle =     0.000   Torsion =     0.000
===============================================================================

 NSTEP =     4200   TIME(PS) =       8.400  TEMP(K) =   129.65  PRESS =     0.0
 Etot   =     -8889.8889  EKtot   =       547.2426  EPtot      =     -9437.1314
 BOND   =         1.4532  ANGLE   =         3.5856  DIHED      =         4.1846
 1-4 NB =         3.1100  1-4 EEL =        46.6472  VDWAALS    =      1510.6071
 EELEC  =    -11006.3170  EHBOND  =         0.0000  RESTRAINT  =         0.0000
 CMAP   =        -0.4020
 Ewald error estimate:   0.8013E-03
 ------------------------------------------------------------------------------

 NMR restraints: Bond =    0.000   Angle =     0.000   Torsion =     0.000
===============================================================================

 NSTEP =     4300   TIME(PS) =       8.600  TEMP(K) =   135.63  PRESS =     0.0
 Etot   =     -8854.2379  EKtot   =       572.4854  EPtot      =     -9426.7232
 BOND   =         1.3317  ANGLE   =         3.3950  DIHED      =         3.8109
 1-4 NB =         2.6529  1-4 EEL =        44.2024  VDWAALS    =      1558.1892
 EELEC  =    -11039.8793  EHBOND  =         0.0000  RESTRAINT  =         0.0000
 CMAP   =        -0.4261
 Ewald error estimate:   0.8092E-03
 ------------------------------------------------------------------------------

 NMR restraints: Bond =    0.000   Angle =     0.000   Torsion =     0.000
===============================================================================

 NSTEP =     4400   TIME(PS) =       8.800  TEMP(K) =   141.23  PRESS =     0.0
 Etot   =     -8832.5779  EKtot   =       596.0960  EPtot      =     -9428.6738
 BOND   =         1.3498  ANGLE   =         4.3647  DIHED      =         2.8894
 1-4 NB =         3.1174  1-4 EEL =        45.1323  VDWAALS    =      1600.4596
 EELEC  =    -11085.3962  EHBOND  =         0.0000  RESTRAINT  =         0.0000
 CMAP   =        -0.5909
 Ewald error estimate:   0.3401E-03
 ------------------------------------------------------------------------------

 NMR restraints: Bond =    0.000   Angle =     0.000   Torsion =     0.000
===============================================================================

 NSTEP =     4500   TIME(PS) =       9.000  TEMP(K) =   140.18  PRESS =     0.0
 Etot   =     -8821.3277  EKtot   =       591.6859  EPtot      =     -9413.0136
 BOND   =         1.8121  ANGLE   =         5.9103  DIHED      =         3.1421
 1-4 NB =         3.1951  1-4 EEL =        47.4295  VDWAALS    =      1549.9345
 EELEC  =    -11023.9589  EHBOND  =         0.0000  RESTRAINT  =         0.0000
 CMAP   =        -0.4784
 Ewald error estimate:   0.1226E-03
 ------------------------------------------------------------------------------

 NMR restraints: Bond =    0.000   Angle =     0.000   Torsion =     0.000
===============================================================================

 NSTEP =     4600   TIME(PS) =       9.200  TEMP(K) =   146.37  PRESS =     0.0
 Etot   =     -8791.6441  EKtot   =       617.8167  EPtot      =     -9409.4608
 BOND   =         1.3862  ANGLE   =         6.6137  DIHED      =         4.5443
 1-4 NB =         2.8044  1-4 EEL =        44.8582  VDWAALS    =      1561.0853
 EELEC  =    -11030.2137  EHBOND  =         0.0000  RESTRAINT  =         0.0000
 CMAP   =        -0.5392
 Ewald error estimate:   0.3518E-03
 ------------------------------------------------------------------------------

 NMR restraints: Bond =    0.000   Angle =     0.000   Torsion =     0.000
===============================================================================

 NSTEP =     4700   TIME(PS) =       9.400  TEMP(K) =   144.06  PRESS =     0.0
 Etot   =     -8789.2180  EKtot   =       608.0322  EPtot      =     -9397.2502
 BOND   =         2.3978  ANGLE   =         3.7524  DIHED      =         3.0690
 1-4 NB =         2.6740  1-4 EEL =        45.0191  VDWAALS    =      1583.4128
 EELEC  =    -11037.0158  EHBOND  =         0.0000  RESTRAINT  =         0.0000
 CMAP   =        -0.5595
 Ewald error estimate:   0.9363E-03
 ------------------------------------------------------------------------------

 NMR restraints: Bond =    0.000   Angle =     0.000   Torsion =     0.000
===============================================================================

 NSTEP =     4800   TIME(PS) =       9.600  TEMP(K) =   146.86  PRESS =     0.0
 Etot   =     -8762.2958  EKtot   =       619.8459  EPtot      =     -9382.1418
 BOND   =         2.1108  ANGLE   =         5.9696  DIHED      =         3.0172
 1-4 NB =         2.7117  1-4 EEL =        44.3018  VDWAALS    =      1589.4888
 EELEC  =    -11029.2427  EHBOND  =         0.0000  RESTRAINT  =         0.0000
 CMAP   =        -0.4988
 Ewald error estimate:   0.2834E-03
 ------------------------------------------------------------------------------

 NMR restraints: Bond =    0.000   Angle =     0.000   Torsion =     0.000
===============================================================================

 NSTEP =     4900   TIME(PS) =       9.800  TEMP(K) =   155.85  PRESS =     0.0
 Etot   =     -8731.7573  EKtot   =       657.8181  EPtot      =     -9389.5755
 BOND   =         1.3389  ANGLE   =         4.2269  DIHED      =         2.8910
 1-4 NB =         3.5087  1-4 EEL =        45.6338  VDWAALS    =      1553.7264
 EELEC  =    -11000.6375  EHBOND  =         0.0000  RESTRAINT  =         0.0000
 CMAP   =        -0.2638
 Ewald error estimate:   0.4169E-03
 ------------------------------------------------------------------------------

 NMR restraints: Bond =    0.000   Angle =     0.000   Torsion =     0.000
===============================================================================

 NSTEP =     5000   TIME(PS) =      10.000  TEMP(K) =   155.83  PRESS =     0.0
 Etot   =     -8667.5432  EKtot   =       657.7304  EPtot      =     -9325.2737
 BOND   =         1.1278  ANGLE   =         5.9424  DIHED      =         3.2301
 1-4 NB =         2.7955  1-4 EEL =        47.8927  VDWAALS    =      1574.9852
 EELEC  =    -10960.7238  EHBOND  =         0.0000  RESTRAINT  =         0.0000
 CMAP   =        -0.5234
 Ewald error estimate:   0.1278E-03
 ------------------------------------------------------------------------------

 NMR restraints: Bond =    0.000   Angle =     0.000   Torsion =     0.000
===============================================================================

 NSTEP =     5100   TIME(PS) =      10.200  TEMP(K) =   166.12  PRESS =     0.0
 Etot   =     -8610.1410  EKtot   =       701.1421  EPtot      =     -9311.2831
 BOND   =         0.8571  ANGLE   =         4.9253  DIHED      =         2.9318
 1-4 NB =         3.2645  1-4 EEL =        45.9495  VDWAALS    =      1581.1812
 EELEC  =    -10949.9873  EHBOND  =         0.0000  RESTRAINT  =         0.0000
 CMAP   =        -0.4054
 Ewald error estimate:   0.1013E-02
 ------------------------------------------------------------------------------

 NMR restraints: Bond =    0.000   Angle =     0.000   Torsion =     0.000
===============================================================================

 NSTEP =     5200   TIME(PS) =      10.400  TEMP(K) =   169.18  PRESS =     0.0
 Etot   =     -8576.4035  EKtot   =       714.0873  EPtot      =     -9290.4908
 BOND   =         2.7320  ANGLE   =         5.1160  DIHED      =         3.1522
 1-4 NB =         2.9123  1-4 EEL =        46.5720  VDWAALS    =      1592.0426
 EELEC  =    -10942.8486  EHBOND  =         0.0000  RESTRAINT  =         0.0000
 CMAP   =        -0.1693
 Ewald error estimate:   0.4864E-03
 ------------------------------------------------------------------------------

 NMR restraints: Bond =    0.000   Angle =     0.000   Torsion =     0.000
===============================================================================

 NSTEP =     5300   TIME(PS) =      10.600  TEMP(K) =   170.91  PRESS =     0.0
 Etot   =     -8537.5040  EKtot   =       721.3805  EPtot      =     -9258.8845
 BOND   =         1.5551  ANGLE   =         6.4089  DIHED      =         3.7191
 1-4 NB =         3.6497  1-4 EEL =        47.2540  VDWAALS    =      1587.4742
 EELEC  =    -10908.5335  EHBOND  =         0.0000  RESTRAINT  =         0.0000
 CMAP   =        -0.4120
 Ewald error estimate:   0.2907E-03
 ------------------------------------------------------------------------------

 NMR restraints: Bond =    0.000   Angle =     0.000   Torsion =     0.000
===============================================================================

 NSTEP =     5400   TIME(PS) =      10.800  TEMP(K) =   175.18  PRESS =     0.0
 Etot   =     -8514.6273  EKtot   =       739.4152  EPtot      =     -9254.0425
 BOND   =         2.0337  ANGLE   =         5.0166  DIHED      =         4.7942
 1-4 NB =         2.9528  1-4 EEL =        45.2738  VDWAALS    =      1545.7781
 EELEC  =    -10859.3213  EHBOND  =         0.0000  RESTRAINT  =         0.0000
 CMAP   =        -0.5705
 Ewald error estimate:   0.8279E-03
 ------------------------------------------------------------------------------

 NMR restraints: Bond =    0.000   Angle =     0.000   Torsion =     0.000
===============================================================================

 NSTEP =     5500   TIME(PS) =      11.000  TEMP(K) =   175.19  PRESS =     0.0
 Etot   =     -8526.4599  EKtot   =       739.4447  EPtot      =     -9265.9046
 BOND   =         1.4422  ANGLE   =         5.1626  DIHED      =         3.6755
 1-4 NB =         4.3707  1-4 EEL =        48.9286  VDWAALS    =      1593.3294
 EELEC  =    -10922.3392  EHBOND  =         0.0000  RESTRAINT  =         0.0000
 CMAP   =        -0.4743
 Ewald error estimate:   0.8573E-03
 ------------------------------------------------------------------------------

 NMR restraints: Bond =    0.000   Angle =     0.000   Torsion =     0.000
===============================================================================

 NSTEP =     5600   TIME(PS) =      11.200  TEMP(K) =   177.13  PRESS =     0.0
 Etot   =     -8502.9208  EKtot   =       747.6257  EPtot      =     -9250.5465
 BOND   =         1.0514  ANGLE   =         4.1037  DIHED      =         5.6195
 1-4 NB =         4.0568  1-4 EEL =        47.2407  VDWAALS    =      1492.1002
 EELEC  =    -10804.5785  EHBOND  =         0.0000  RESTRAINT  =         0.0000
 CMAP   =        -0.1401
 Ewald error estimate:   0.6553E-03
 ------------------------------------------------------------------------------

 NMR restraints: Bond =    0.000   Angle =     0.000   Torsion =     0.000
===============================================================================

 NSTEP =     5700   TIME(PS) =      11.400  TEMP(K) =   178.13  PRESS =     0.0
 Etot   =     -8487.8791  EKtot   =       751.8563  EPtot      =     -9239.7354
 BOND   =         2.4576  ANGLE   =         4.9813  DIHED      =         3.6648
 1-4 NB =         2.3731  1-4 EEL =        46.5791  VDWAALS    =      1610.8504
 EELEC  =    -10910.1012  EHBOND  =         0.0000  RESTRAINT  =         0.0000
 CMAP   =        -0.5404
 Ewald error estimate:   0.5693E-03
 ------------------------------------------------------------------------------

 NMR restraints: Bond =    0.000   Angle =     0.000   Torsion =     0.000
===============================================================================

 NSTEP =     5800   TIME(PS) =      11.600  TEMP(K) =   196.42  PRESS =     0.0
 Etot   =     -8445.7645  EKtot   =       829.0614  EPtot      =     -9274.8259
 BOND   =         0.7281  ANGLE   =         5.6042  DIHED      =         3.6719
 1-4 NB =         4.0889  1-4 EEL =        50.3735  VDWAALS    =      1546.4252
 EELEC  =    -10885.6528  EHBOND  =         0.0000  RESTRAINT  =         0.0000
 CMAP   =        -0.0649
 Ewald error estimate:   0.1357E-02
 ------------------------------------------------------------------------------

 NMR restraints: Bond =    0.000   Angle =     0.000   Torsion =     0.000
===============================================================================

 NSTEP =     5900   TIME(PS) =      11.800  TEMP(K) =   196.25  PRESS =     0.0
 Etot   =     -8396.3335  EKtot   =       828.3286  EPtot      =     -9224.6622
 BOND   =         0.7761  ANGLE   =         5.9404  DIHED      =         3.4568
 1-4 NB =         3.8870  1-4 EEL =        47.0444  VDWAALS    =      1569.7477
 EELEC  =    -10855.2074  EHBOND  =         0.0000  RESTRAINT  =         0.0000
 CMAP   =        -0.3071
 Ewald error estimate:   0.6596E-03
 ------------------------------------------------------------------------------

 NMR restraints: Bond =    0.000   Angle =     0.000   Torsion =     0.000
===============================================================================

 NSTEP =     6000   TIME(PS) =      12.000  TEMP(K) =   199.95  PRESS =     0.0
 Etot   =     -8380.5554  EKtot   =       843.9437  EPtot      =     -9224.4991
 BOND   =         1.7074  ANGLE   =         5.2338  DIHED      =         5.3648
 1-4 NB =         2.3842  1-4 EEL =        44.0173  VDWAALS    =      1499.6330
 EELEC  =    -10782.2581  EHBOND  =         0.0000  RESTRAINT  =         0.0000
 CMAP   =        -0.5816
 Ewald error estimate:   0.5576E-03
 ------------------------------------------------------------------------------

 NMR restraints: Bond =    0.000   Angle =     0.000   Torsion =     0.000
===============================================================================

 NSTEP =     6100   TIME(PS) =      12.200  TEMP(K) =   198.61  PRESS =     0.0
 Etot   =     -8341.9142  EKtot   =       838.2743  EPtot      =     -9180.1885
 BOND   =         2.8507  ANGLE   =         7.4239  DIHED      =         4.2705
 1-4 NB =         1.5666  1-4 EEL =        46.4940  VDWAALS    =      1532.0051
 EELEC  =    -10774.1618  EHBOND  =         0.0000  RESTRAINT  =         0.0000
 CMAP   =        -0.6376
 Ewald error estimate:   0.1322E-02
 ------------------------------------------------------------------------------

 NMR restraints: Bond =    0.000   Angle =     0.000   Torsion =     0.000
===============================================================================

 NSTEP =     6200   TIME(PS) =      12.400  TEMP(K) =   202.58  PRESS =     0.0
 Etot   =     -8336.4069  EKtot   =       855.0583  EPtot      =     -9191.4652
 BOND   =         1.6982  ANGLE   =         7.4477  DIHED      =         4.1833
 1-4 NB =         3.1257  1-4 EEL =        45.0990  VDWAALS    =      1419.9193
 EELEC  =    -10672.7977  EHBOND  =         0.0000  RESTRAINT  =         0.0000
 CMAP   =        -0.1407
 Ewald error estimate:   0.1182E-02
 ------------------------------------------------------------------------------

 NMR restraints: Bond =    0.000   Angle =     0.000   Torsion =     0.000
===============================================================================

 NSTEP =     6300   TIME(PS) =      12.600  TEMP(K) =   208.11  PRESS =     0.0
 Etot   =     -8322.9236  EKtot   =       878.4077  EPtot      =     -9201.3313
 BOND   =         1.2219  ANGLE   =         7.1768  DIHED      =         3.4452
 1-4 NB =         2.8783  1-4 EEL =        47.8087  VDWAALS    =      1530.5352
 EELEC  =    -10795.2529  EHBOND  =         0.0000  RESTRAINT  =         0.0000
 CMAP   =         0.8555
 Ewald error estimate:   0.4878E-03
 ------------------------------------------------------------------------------

 NMR restraints: Bond =    0.000   Angle =     0.000   Torsion =     0.000
===============================================================================

 NSTEP =     6400   TIME(PS) =      12.800  TEMP(K) =   206.29  PRESS =     0.0
 Etot   =     -8249.4221  EKtot   =       870.6891  EPtot      =     -9120.1112
 BOND   =         1.4911  ANGLE   =         7.6261  DIHED      =         2.9210
 1-4 NB =         2.1740  1-4 EEL =        46.9851  VDWAALS    =      1516.2610
 EELEC  =    -10697.7727  EHBOND  =         0.0000  RESTRAINT  =         0.0000
 CMAP   =         0.2032
 Ewald error estimate:   0.4156E-03
 ------------------------------------------------------------------------------

 NMR restraints: Bond =    0.000   Angle =     0.000   Torsion =     0.000
===============================================================================

 NSTEP =     6500   TIME(PS) =      13.000  TEMP(K) =   218.51  PRESS =     0.0
 Etot   =     -8199.8721  EKtot   =       922.3046  EPtot      =     -9122.1766
 BOND   =         1.0795  ANGLE   =         6.5884  DIHED      =         3.3298
 1-4 NB =         2.6613  1-4 EEL =        45.1074  VDWAALS    =      1435.2773
 EELEC  =    -10615.3325  EHBOND  =         0.0000  RESTRAINT  =         0.0000
 CMAP   =        -0.8878
 Ewald error estimate:   0.5269E-03
 ------------------------------------------------------------------------------

 NMR restraints: Bond =    0.000   Angle =     0.000   Torsion =     0.000
===============================================================================

 NSTEP =     6600   TIME(PS) =      13.200  TEMP(K) =   212.15  PRESS =     0.0
 Etot   =     -8206.4241  EKtot   =       895.4515  EPtot      =     -9101.8756
 BOND   =         0.8175  ANGLE   =         5.2682  DIHED      =         4.0063
 1-4 NB =         2.6759  1-4 EEL =        48.7050  VDWAALS    =      1484.5476
 EELEC  =    -10646.8973  EHBOND  =         0.0000  RESTRAINT  =         0.0000
 CMAP   =        -0.9989
 Ewald error estimate:   0.4746E-03
 ------------------------------------------------------------------------------

 NMR restraints: Bond =    0.000   Angle =     0.000   Torsion =     0.000
===============================================================================

 NSTEP =     6700   TIME(PS) =      13.400  TEMP(K) =   221.74  PRESS =     0.0
 Etot   =     -8178.7375  EKtot   =       935.9311  EPtot      =     -9114.6686
 BOND   =         1.0819  ANGLE   =         8.5762  DIHED      =         3.6287
 1-4 NB =         2.8120  1-4 EEL =        43.9356  VDWAALS    =      1547.3145
 EELEC  =    -10721.5720  EHBOND  =         0.0000  RESTRAINT  =         0.0000
 CMAP   =        -0.4455
 Ewald error estimate:   0.7859E-04
 ------------------------------------------------------------------------------

 NMR restraints: Bond =    0.000   Angle =     0.000   Torsion =     0.000
===============================================================================

 NSTEP =     6800   TIME(PS) =      13.600  TEMP(K) =   221.06  PRESS =     0.0
 Etot   =     -8166.2028  EKtot   =       933.0312  EPtot      =     -9099.2340
 BOND   =         0.7439  ANGLE   =         5.3057  DIHED      =         5.0033
 1-4 NB =         2.7657  1-4 EEL =        45.3273  VDWAALS    =      1494.9117
 EELEC  =    -10653.1515  EHBOND  =         0.0000  RESTRAINT  =         0.0000
 CMAP   =        -0.1401
 Ewald error estimate:   0.9152E-05
 ------------------------------------------------------------------------------

 NMR restraints: Bond =    0.000   Angle =     0.000   Torsion =     0.000
===============================================================================

 NSTEP =     6900   TIME(PS) =      13.800  TEMP(K) =   220.22  PRESS =     0.0
 Etot   =     -8148.0395  EKtot   =       929.4957  EPtot      =     -9077.5352
 BOND   =         1.8828  ANGLE   =         5.3215  DIHED      =         5.2490
 1-4 NB =         2.3952  1-4 EEL =        45.6406  VDWAALS    =      1482.0173
 EELEC  =    -10619.8110  EHBOND  =         0.0000  RESTRAINT  =         0.0000
 CMAP   =        -0.2306
 Ewald error estimate:   0.7685E-03
 ------------------------------------------------------------------------------

 NMR restraints: Bond =    0.000   Angle =     0.000   Torsion =     0.000
===============================================================================

 NSTEP =     7000   TIME(PS) =      14.000  TEMP(K) =   220.75  PRESS =     0.0
 Etot   =     -8138.5092  EKtot   =       931.7514  EPtot      =     -9070.2606
 BOND   =         2.8572  ANGLE   =         7.8519  DIHED      =         3.4355
 1-4 NB =         2.9065  1-4 EEL =        46.0504  VDWAALS    =      1462.3247
 EELEC  =    -10595.3763  EHBOND  =         0.0000  RESTRAINT  =         0.0000
 CMAP   =        -0.3106
 Ewald error estimate:   0.5155E-03
 ------------------------------------------------------------------------------

 NMR restraints: Bond =    0.000   Angle =     0.000   Torsion =     0.000
===============================================================================

 NSTEP =     7100   TIME(PS) =      14.200  TEMP(K) =   227.97  PRESS =     0.0
 Etot   =     -8114.3032  EKtot   =       962.2106  EPtot      =     -9076.5138
 BOND   =         2.7444  ANGLE   =         8.7462  DIHED      =         3.9632
 1-4 NB =         1.7664  1-4 EEL =        45.6653  VDWAALS    =      1513.2801
 EELEC  =    -10653.1626  EHBOND  =         0.0000  RESTRAINT  =         0.0000
 CMAP   =         0.4832
 Ewald error estimate:   0.3084E-03
 ------------------------------------------------------------------------------

 NMR restraints: Bond =    0.000   Angle =     0.000   Torsion =     0.000
===============================================================================

 NSTEP =     7200   TIME(PS) =      14.400  TEMP(K) =   226.53  PRESS =     0.0
 Etot   =     -8079.5104  EKtot   =       956.1553  EPtot      =     -9035.6657
 BOND   =         2.4539  ANGLE   =         9.0927  DIHED      =         3.6765
 1-4 NB =         2.4870  1-4 EEL =        44.2487  VDWAALS    =      1490.2587
 EELEC  =    -10588.3411  EHBOND  =         0.0000  RESTRAINT  =         0.0000
 CMAP   =         0.4580
 Ewald error estimate:   0.1356E-02
 ------------------------------------------------------------------------------

 NMR restraints: Bond =    0.000   Angle =     0.000   Torsion =     0.000
===============================================================================

 NSTEP =     7300   TIME(PS) =      14.600  TEMP(K) =   225.00  PRESS =     0.0
 Etot   =     -8052.3639  EKtot   =       949.6863  EPtot      =     -9002.0503
 BOND   =         3.6891  ANGLE   =         6.9900  DIHED      =         3.3096
 1-4 NB =         3.7336  1-4 EEL =        48.2238  VDWAALS    =      1431.3955
 EELEC  =    -10498.8485  EHBOND  =         0.0000  RESTRAINT  =         0.0000
 CMAP   =        -0.5432
 Ewald error estimate:   0.2445E-03
 ------------------------------------------------------------------------------

 NMR restraints: Bond =    0.000   Angle =     0.000   Torsion =     0.000
===============================================================================

 NSTEP =     7400   TIME(PS) =      14.800  TEMP(K) =   233.12  PRESS =     0.0
 Etot   =     -8038.9220  EKtot   =       983.9589  EPtot      =     -9022.8809
 BOND   =         2.2832  ANGLE   =         9.7678  DIHED      =         3.8038
 1-4 NB =         3.2883  1-4 EEL =        46.1193  VDWAALS    =      1542.3644
 EELEC  =    -10630.2229  EHBOND  =         0.0000  RESTRAINT  =         0.0000
 CMAP   =        -0.2849
 Ewald error estimate:   0.6131E-03
 ------------------------------------------------------------------------------

 NMR restraints: Bond =    0.000   Angle =     0.000   Torsion =     0.000
===============================================================================

 NSTEP =     7500   TIME(PS) =      15.000  TEMP(K) =   253.92  PRESS =     0.0
 Etot   =     -7945.4369  EKtot   =      1071.7400  EPtot      =     -9017.1769
 BOND   =         2.8084  ANGLE   =         6.0375  DIHED      =         3.3596
 1-4 NB =         3.1117  1-4 EEL =        46.5591  VDWAALS    =      1441.0898
 EELEC  =    -10519.7232  EHBOND  =         0.0000  RESTRAINT  =         0.0000
 CMAP   =        -0.4197
 Ewald error estimate:   0.5132E-03
 ------------------------------------------------------------------------------

 NMR restraints: Bond =    0.000   Angle =     0.000   Torsion =     0.000
===============================================================================

 NSTEP =     7600   TIME(PS) =      15.200  TEMP(K) =   251.76  PRESS =     0.0
 Etot   =     -7928.0187  EKtot   =      1062.6139  EPtot      =     -8990.6326
 BOND   =         3.0379  ANGLE   =         9.9720  DIHED      =         3.8983
 1-4 NB =         4.2368  1-4 EEL =        47.1638  VDWAALS    =      1481.3228
 EELEC  =    -10539.5762  EHBOND  =         0.0000  RESTRAINT  =         0.0000
 CMAP   =        -0.6879
 Ewald error estimate:   0.5170E-03
 ------------------------------------------------------------------------------

 NMR restraints: Bond =    0.000   Angle =     0.000   Torsion =     0.000
===============================================================================

 NSTEP =     7700   TIME(PS) =      15.400  TEMP(K) =   257.24  PRESS =     0.0
 Etot   =     -7876.8413  EKtot   =      1085.7527  EPtot      =     -8962.5940
 BOND   =         3.5053  ANGLE   =        10.7158  DIHED      =         3.4140
 1-4 NB =         3.3300  1-4 EEL =        44.6019  VDWAALS    =      1483.7495
 EELEC  =    -10511.2700  EHBOND  =         0.0000  RESTRAINT  =         0.0000
 CMAP   =        -0.6404
 Ewald error estimate:   0.2716E-03
 ------------------------------------------------------------------------------

 NMR restraints: Bond =    0.000   Angle =     0.000   Torsion =     0.000
===============================================================================

 NSTEP =     7800   TIME(PS) =      15.600  TEMP(K) =   253.87  PRESS =     0.0
 Etot   =     -7897.5674  EKtot   =      1071.5517  EPtot      =     -8969.1191
 BOND   =         1.4135  ANGLE   =         6.9338  DIHED      =         5.3601
 1-4 NB =         4.0142  1-4 EEL =        50.8083  VDWAALS    =      1439.1409
 EELEC  =    -10475.9005  EHBOND  =         0.0000  RESTRAINT  =         0.0000
 CMAP   =        -0.8894
 Ewald error estimate:   0.1820E-03
 ------------------------------------------------------------------------------

 NMR restraints: Bond =    0.000   Angle =     0.000   Torsion =     0.000
===============================================================================

 NSTEP =     7900   TIME(PS) =      15.800  TEMP(K) =   254.22  PRESS =     0.0
 Etot   =     -7833.4616  EKtot   =      1072.9983  EPtot      =     -8906.4599
 BOND   =         3.2177  ANGLE   =         6.5586  DIHED      =         3.5862
 1-4 NB =         4.0108  1-4 EEL =        45.9717  VDWAALS    =      1465.7065
 EELEC  =    -10435.0159  EHBOND  =         0.0000  RESTRAINT  =         0.0000
 CMAP   =        -0.4957
 Ewald error estimate:   0.2459E-03
 ------------------------------------------------------------------------------

 NMR restraints: Bond =    0.000   Angle =     0.000   Torsion =     0.000
===============================================================================

 NSTEP =     8000   TIME(PS) =      16.000  TEMP(K) =   260.04  PRESS =     0.0
 Etot   =     -7801.3742  EKtot   =      1097.5592  EPtot      =     -8898.9333
 BOND   =         2.4627  ANGLE   =         8.1009  DIHED      =         3.7912
 1-4 NB =         2.0216  1-4 EEL =        44.6133  VDWAALS    =      1446.9377
 EELEC  =    -10406.3352  EHBOND  =         0.0000  RESTRAINT  =         0.0000
 CMAP   =        -0.5255
 Ewald error estimate:   0.1460E-03
 ------------------------------------------------------------------------------

 NMR restraints: Bond =    0.000   Angle =     0.000   Torsion =     0.000
===============================================================================

 NSTEP =     8100   TIME(PS) =      16.200  TEMP(K) =   256.18  PRESS =     0.0
 Etot   =     -7758.2717  EKtot   =      1081.2648  EPtot      =     -8839.5365
 BOND   =         2.4065  ANGLE   =         7.1034  DIHED      =         5.1999
 1-4 NB =         3.1302  1-4 EEL =        44.5810  VDWAALS    =      1440.8646
 EELEC  =    -10342.0160  EHBOND  =         0.0000  RESTRAINT  =         0.0000
 CMAP   =        -0.8062
 Ewald error estimate:   0.3615E-03
 ------------------------------------------------------------------------------

 NMR restraints: Bond =    0.000   Angle =     0.000   Torsion =     0.000
===============================================================================

 NSTEP =     8200   TIME(PS) =      16.400  TEMP(K) =   264.00  PRESS =     0.0
 Etot   =     -7744.7440  EKtot   =      1114.2996  EPtot      =     -8859.0436
 BOND   =         3.2306  ANGLE   =         5.9397  DIHED      =         7.1060
 1-4 NB =         2.8579  1-4 EEL =        47.0417  VDWAALS    =      1359.3267
 EELEC  =    -10283.8021  EHBOND  =         0.0000  RESTRAINT  =         0.0000
 CMAP   =        -0.7439
 Ewald error estimate:   0.7431E-03
 ------------------------------------------------------------------------------

 NMR restraints: Bond =    0.000   Angle =     0.000   Torsion =     0.000
===============================================================================

 NSTEP =     8300   TIME(PS) =      16.600  TEMP(K) =   263.28  PRESS =     0.0
 Etot   =     -7748.0884  EKtot   =      1111.2350  EPtot      =     -8859.3234
 BOND   =         1.7099  ANGLE   =         7.9783  DIHED      =         5.0894
 1-4 NB =         2.6492  1-4 EEL =        46.2609  VDWAALS    =      1387.6346
 EELEC  =    -10309.7179  EHBOND  =         0.0000  RESTRAINT  =         0.0000
 CMAP   =        -0.9280
 Ewald error estimate:   0.2739E-03
 ------------------------------------------------------------------------------

 NMR restraints: Bond =    0.000   Angle =     0.000   Torsion =     0.000
===============================================================================
